2019/05/29 17:39:22 - 同步单表数据 - Using run configuration [Pentaho local]
2019/05/29 17:39:22 - 同步单表数据 - 开始项[表名变量设置]
2019/05/29 17:39:22 - 表名变量设置 - Using run configuration [Pentaho local]
2019/05/29 17:39:22 - 表名变量设置 - Using legacy execution engine
2019/05/29 17:39:22 - 表名变量设置 - 为了转换解除补丁开始  [表名变量设置]
2019/05/29 17:39:22 - 从结果获取表名.0 - 完成处理 (I=0, O=0, R=1, W=1, U=0, E=0)
2019/05/29 17:39:22 - 表名变量设置.0 - Setting environment variables...
2019/05/29 17:39:22 - 表名变量设置.0 - Set variable TABLENAME to value [AUTH_GEO_ROLE]
2019/05/29 17:39:22 - 表名变量设置.0 - Finished after 1 rows.
2019/05/29 17:39:22 - 表名变量设置.0 - 完成处理 (I=0, O=0, R=1, W=1, U=0, E=0)
2019/05/29 17:39:22 - 同步单表数据 - 开始项[检查表是否存在]
2019/05/29 17:39:22 - 同步单表数据 - 开始项[比较表结构]
2019/05/29 17:39:22 - 比较表结构 - Using run configuration [Pentaho local]
2019/05/29 17:39:22 - 比较表结构 - Using legacy execution engine
2019/05/29 17:39:22 - 比较表结构是否一致 - 为了转换解除补丁开始  [比较表结构是否一致]
2019/05/29 17:39:22 - 目标表数据字典.0 - Finished reading query, closing connection.
2019/05/29 17:39:22 - 目标表数据字典.0 - 完成处理 (I=10, O=0, R=0, W=10, U=0, E=0)
2019/05/29 17:39:22 - 源表数据字典.0 - Finished reading query, closing connection.
2019/05/29 17:39:22 - 源表数据字典.0 - 完成处理 (I=10, O=0, R=0, W=10, U=0, E=0)
2019/05/29 17:39:22 - 合并记录.0 - 完成处理 (I=0, O=0, R=20, W=10, U=0, E=0)
2019/05/29 17:39:22 - 值映射.0 - 完成处理 (I=0, O=0, R=10, W=10, U=0, E=0)
2019/05/29 17:39:22 - 字段选择.0 - 完成处理 (I=0, O=0, R=10, W=10, U=0, E=0)
2019/05/29 17:39:22 - 排序记录.0 - 完成处理 (I=0, O=0, R=10, W=10, U=0, E=0)
2019/05/29 17:39:22 - 去除重复记录.0 - 完成处理 (I=0, O=0, R=10, W=1, U=0, E=0)
2019/05/29 17:39:22 - 识别流的最后一行.0 - 完成处理 (I=0, O=0, R=1, W=1, U=0, E=0)
2019/05/29 17:39:22 - 过滤记录.0 - 完成处理 (I=0, O=0, R=1, W=1, U=0, E=0)
2019/05/29 17:39:22 - 复制记录到结果.0 - 完成处理 (I=0, O=0, R=1, W=1, U=0, E=0)
2019/05/29 17:39:22 - 同步单表数据 - 开始项[设置标识]
2019/05/29 17:39:22 - 设置标识 - Using run configuration [Pentaho local]
2019/05/29 17:39:22 - 设置标识 - Using legacy execution engine
2019/05/29 17:39:22 - 设置表结构是否一致的标识 - 为了转换解除补丁开始  [设置表结构是否一致的标识]
2019/05/29 17:39:22 - 从结果获取记录.0 - 完成处理 (I=0, O=0, R=1, W=1, U=0, E=0)
2019/05/29 17:39:22 - 设置变量.0 - Setting environment variables...
2019/05/29 17:39:22 - 设置变量.0 - Set variable DIFFERENT_FLAG to value [same]
2019/05/29 17:39:22 - 设置变量.0 - Finished after 1 rows.
2019/05/29 17:39:22 - 设置变量.0 - 完成处理 (I=0, O=0, R=1, W=1, U=0, E=0)
2019/05/29 17:39:22 - 同步单表数据 - 开始项[是否需要重建表]
2019/05/29 17:39:22 - 同步单表数据 - 开始项[迁移单表数据]
2019/05/29 17:39:23 - 迁移单表数据 - Using run configuration [Pentaho local]
2019/05/29 17:39:23 - 迁移单表数据 - 开始项[查询源表主键]
2019/05/29 17:39:23 - 查询源表主键 - Using run configuration [Pentaho local]
2019/05/29 17:39:23 - 查询源表主键 - Using legacy execution engine
2019/05/29 17:39:23 - 查询是否有主键 - 为了转换解除补丁开始  [查询是否有主键]
2019/05/29 17:39:23 - 查询是否有主键.0 - Finished reading query, closing connection.
2019/05/29 17:39:23 - 复制记录到结果.0 - 完成处理 (I=0, O=0, R=1, W=1, U=0, E=0)
2019/05/29 17:39:23 - 查询是否有主键.0 - 完成处理 (I=1, O=0, R=0, W=1, U=0, E=0)
2019/05/29 17:39:23 - 迁移单表数据 - 开始项[设置主键标识]
2019/05/29 17:39:23 - 设置主键标识 - Using run configuration [Pentaho local]
2019/05/29 17:39:23 - 设置主键标识 - Using legacy execution engine
2019/05/29 17:39:23 - 设置是否有主键标识 - 为了转换解除补丁开始  [设置是否有主键标识]
2019/05/29 17:39:23 - 从结果获取记录.0 - 完成处理 (I=0, O=0, R=1, W=1, U=0, E=0)
2019/05/29 17:39:23 - 设置变量.0 - Setting environment variables...
2019/05/29 17:39:23 - 设置变量.0 - Set variable PK_FLAG to value [1.0]
2019/05/29 17:39:23 - 设置变量.0 - Finished after 1 rows.
2019/05/29 17:39:23 - 设置变量.0 - 完成处理 (I=0, O=0, R=1, W=1, U=0, E=0)
2019/05/29 17:39:23 - 迁移单表数据 - 开始项[检验主键标识]
2019/05/29 17:39:23 - 迁移单表数据 - 开始项[查询源表主键信息]
2019/05/29 17:39:23 - 查询源表主键信息 - Using run configuration [Pentaho local]
2019/05/29 17:39:23 - 查询源表主键信息 - Using legacy execution engine
2019/05/29 17:39:23 - 查询源表主键信息 - 为了转换解除补丁开始  [查询源表主键信息]
2019/05/29 17:39:23 - 查询源表是否有主键.0 - Finished reading query, closing connection.
2019/05/29 17:39:23 - 复制记录到结果.0 - 完成处理 (I=0, O=0, R=1, W=1, U=0, E=0)
2019/05/29 17:39:23 - 查询源表是否有主键.0 - 完成处理 (I=1, O=0, R=0, W=1, U=0, E=0)
2019/05/29 17:39:23 - 迁移单表数据 - 开始项[设置主键变量]
2019/05/29 17:39:23 - 设置主键变量 - Using run configuration [Pentaho local]
2019/05/29 17:39:23 - 设置主键变量 - Using legacy execution engine
2019/05/29 17:39:23 - 设置主键变量 - 为了转换解除补丁开始  [设置主键变量]
2019/05/29 17:39:23 - 从结果获取记录.0 - 完成处理 (I=0, O=0, R=1, W=1, U=0, E=0)
2019/05/29 17:39:23 - 设置主键变量.0 - Setting environment variables...
2019/05/29 17:39:23 - 设置主键变量.0 - Set variable PK_COLUMN to value [ID]
2019/05/29 17:39:23 - 设置主键变量.0 - Finished after 1 rows.
2019/05/29 17:39:23 - 设置主键变量.0 - 完成处理 (I=0, O=0, R=1, W=1, U=0, E=0)
2019/05/29 17:39:23 - 迁移单表数据 - 开始项[生成merge语句的子句]
2019/05/29 17:39:23 - 生成merge语句的子句 - Using run configuration [Pentaho local]
2019/05/29 17:39:23 - 生成merge语句的子句 - Using legacy execution engine
2019/05/29 17:39:23 - 生成merge语句的子句 - 为了转换解除补丁开始  [生成merge语句的子句]
2019/05/29 17:39:23 - 生成merge语句子句.0 - Finished reading query, closing connection.
2019/05/29 17:39:23 - 生成merge语句子句.0 - 完成处理 (I=1, O=0, R=0, W=1, U=0, E=0)
2019/05/29 17:39:23 - 复制记录到结果.0 - 完成处理 (I=0, O=0, R=1, W=1, U=0, E=0)
2019/05/29 17:39:23 - 迁移单表数据 - 开始项[设置merge语句子句变量]
2019/05/29 17:39:23 - 设置merge语句子句变量 - Using run configuration [Pentaho local]
2019/05/29 17:39:23 - 设置merge语句子句变量 - Using legacy execution engine
2019/05/29 17:39:23 - 设置merge语句子句变量 - 为了转换解除补丁开始  [设置merge语句子句变量]
2019/05/29 17:39:23 - 获取merge语句子句.0 - 完成处理 (I=0, O=0, R=1, W=1, U=0, E=0)
2019/05/29 17:39:23 - 设置merge语句子句变量.0 - Setting environment variables...
2019/05/29 17:39:23 - 设置merge语句子句变量.0 - Set variable UPDATE_SQL to value [ UPDATE
 SET 
 TARGET.CREATE_TIMESTAMP= SOURCE.CREATE_TIMESTAMP
,TARGET.UPDATE_TIMESTAMP= SOURCE.UPDATE_TIMESTAMP
,TARGET.CITY_CODE= SOURCE.CITY_CODE
,TARGET.CITY_NAME= SOURCE.CITY_NAME
,TARGET.PROVINCE_CODE= SOURCE.PROVINCE_CODE
,TARGET.PROVINCE_NAME= SOURCE.PROVINCE_NAME
,TARGET.REGION_CODE= SOURCE.REGION_CODE
,TARGET.REGION_NAME= SOURCE.REGION_NAME
,TARGET.USER_ID= SOURCE.USER_ID
]
2019/05/29 17:39:23 - 设置merge语句子句变量.0 - Set variable INSERT_SQL to value [ INSERT
 (TARGET.CREATE_TIMESTAMP,TARGET.UPDATE_TIMESTAMP,TARGET.CITY_CODE,TARGET.CITY_NAME,TARGET.PROVINCE_CODE,TARGET.PROVINCE_NAME,TARGET.REGION_CODE,TARGET.REGION_NAME,TARGET.USER_ID)
 VALUES
 (SOURCE.CREATE_TIMESTAMP,SOURCE.UPDATE_TIMESTAMP,SOURCE.CITY_CODE,SOURCE.CITY_NAME,SOURCE.PROVINCE_CODE,SOURCE.PROVINCE_NAME,SOURCE.REGION_CODE,SOURCE.REGION_NAME,SOURCE.USER_ID)]
2019/05/29 17:39:23 - 设置merge语句子句变量.0 - Finished after 1 rows.
2019/05/29 17:39:23 - 设置merge语句子句变量.0 - 完成处理 (I=0, O=0, R=1, W=1, U=0, E=0)
2019/05/29 17:39:23 - 迁移单表数据 - 开始项[增量迁移单表数据]
2019/05/29 17:39:23 - 增量迁移单表数据 - Using run configuration [Pentaho local]
2019/05/29 17:39:23 - 增量迁移单表数据 - Using legacy execution engine
2019/05/29 17:39:23 - 增量迁移单表数据 - 为了转换解除补丁开始  [增量迁移单表数据]
2019/05/29 17:39:23 - 执行SQL脚本.0 - Finished reading query, closing connection.
2019/05/29 17:39:23 - 执行SQL脚本.0 - 完成处理 (I=0, O=0, R=0, W=1, U=0, E=0)
2019/05/29 17:39:23 - 迁移单表数据 - 开始项[成功1]
2019/05/29 17:39:23 - 迁移单表数据 - 完成作业项[成功1] (结果=[true])
2019/05/29 17:39:23 - 迁移单表数据 - 完成作业项[增量迁移单表数据] (结果=[true])
2019/05/29 17:39:23 - 迁移单表数据 - 完成作业项[设置merge语句子句变量] (结果=[true])
2019/05/29 17:39:23 - 迁移单表数据 - 完成作业项[生成merge语句的子句] (结果=[true])
2019/05/29 17:39:23 - 迁移单表数据 - 完成作业项[设置主键变量] (结果=[true])
2019/05/29 17:39:23 - 迁移单表数据 - 完成作业项[查询源表主键信息] (结果=[true])
2019/05/29 17:39:23 - 迁移单表数据 - 完成作业项[检验主键标识] (结果=[true])
2019/05/29 17:39:23 - 迁移单表数据 - 完成作业项[设置主键标识] (结果=[true])
2019/05/29 17:39:23 - 迁移单表数据 - 完成作业项[查询源表主键] (结果=[true])
2019/05/29 17:39:23 - 同步单表数据 - 开始项[分析源表收集统计信息]
2019/05/29 17:39:23 - 同步单表数据 - 开始项[数据量差异输出]
2019/05/29 17:39:24 - 数据量差异输出 - Using run configuration [Pentaho local]
2019/05/29 17:39:24 - 数据量差异输出 - Using legacy execution engine
2019/05/29 17:39:24 - 比较源表和目标表数据量差异 - 为了转换解除补丁开始  [比较源表和目标表数据量差异]
2019/05/29 17:39:24 - 读取Excel中的表清单.0 - 完成处理 (I=15, O=0, R=0, W=30, U=0, E=0)
2019/05/29 17:39:24 - 获取目标表数据量.0 - Finished reading query, closing connection.
2019/05/29 17:39:24 - 获取目标表数据量.0 - 完成处理 (I=199, O=0, R=0, W=199, U=0, E=0)
2019/05/29 17:39:24 - 获取源表数据量.0 - Finished reading query, closing connection.
2019/05/29 17:39:24 - 获取源表数据量.0 - 完成处理 (I=168, O=0, R=0, W=168, U=0, E=0)
2019/05/29 17:39:24 - 清单中的表在目标端数据量.0 - 完成处理 (I=0, O=0, R=214, W=15, U=0, E=0)
2019/05/29 17:39:24 - 字段选择2.0 - 完成处理 (I=0, O=0, R=15, W=15, U=0, E=0)
2019/05/29 17:39:25 - 清单中的表在源端数据量.0 - 完成处理 (I=0, O=0, R=183, W=15, U=0, E=0)
2019/05/29 17:39:25 - 字段选择1.0 - 完成处理 (I=0, O=0, R=15, W=15, U=0, E=0)
2019/05/29 17:39:25 - 记录集连接.0 - 完成处理 (I=0, O=0, R=30, W=15, U=0, E=0)
2019/05/29 17:39:25 - 计算器.0 - 完成处理 (I=0, O=0, R=15, W=15, U=0, E=0)
2019/05/29 17:39:25 - 字段选择.0 - 完成处理 (I=0, O=0, R=15, W=15, U=0, E=0)
2019/05/29 17:39:25 - Microsoft Excel 输出.0 - 完成处理 (I=0, O=16, R=15, W=15, U=0, E=0)
2019/05/29 17:39:25 - 同步单表数据 - 开始项[成功]
2019/05/29 17:39:25 - 同步单表数据 - 完成作业项[成功] (结果=[true])
2019/05/29 17:39:25 - 同步单表数据 - 完成作业项[数据量差异输出] (结果=[true])
2019/05/29 17:39:25 - 同步单表数据 - 完成作业项[分析源表收集统计信息] (结果=[true])
2019/05/29 17:39:25 - 同步单表数据 - 开始项[分析目标表收集统计信息]
2019/05/29 17:39:25 - 同步单表数据 - 开始项[数据量差异输出]
2019/05/29 17:39:25 - 数据量差异输出 - Using run configuration [Pentaho local]
2019/05/29 17:39:25 - 数据量差异输出 - Using legacy execution engine
2019/05/29 17:39:25 - 比较源表和目标表数据量差异 - 为了转换解除补丁开始  [比较源表和目标表数据量差异]
2019/05/29 17:39:26 - 读取Excel中的表清单.0 - 完成处理 (I=15, O=0, R=0, W=30, U=0, E=0)
2019/05/29 17:39:26 - 获取目标表数据量.0 - Finished reading query, closing connection.
2019/05/29 17:39:26 - 获取目标表数据量.0 - 完成处理 (I=199, O=0, R=0, W=199, U=0, E=0)
2019/05/29 17:39:26 - 获取源表数据量.0 - Finished reading query, closing connection.
2019/05/29 17:39:26 - 获取源表数据量.0 - 完成处理 (I=168, O=0, R=0, W=168, U=0, E=0)
2019/05/29 17:39:26 - 清单中的表在目标端数据量.0 - 完成处理 (I=0, O=0, R=214, W=15, U=0, E=0)
2019/05/29 17:39:26 - 字段选择2.0 - 完成处理 (I=0, O=0, R=15, W=15, U=0, E=0)
2019/05/29 17:39:26 - 清单中的表在源端数据量.0 - 完成处理 (I=0, O=0, R=183, W=15, U=0, E=0)
2019/05/29 17:39:26 - 字段选择1.0 - 完成处理 (I=0, O=0, R=15, W=15, U=0, E=0)
2019/05/29 17:39:26 - 记录集连接.0 - 完成处理 (I=0, O=0, R=30, W=15, U=0, E=0)
2019/05/29 17:39:26 - 计算器.0 - 完成处理 (I=0, O=0, R=15, W=15, U=0, E=0)
2019/05/29 17:39:26 - 字段选择.0 - 完成处理 (I=0, O=0, R=15, W=15, U=0, E=0)
2019/05/29 17:39:26 - Microsoft Excel 输出.0 - 完成处理 (I=0, O=16, R=15, W=15, U=0, E=0)
2019/05/29 17:39:26 - 同步单表数据 - 开始项[成功]
2019/05/29 17:39:26 - 同步单表数据 - 完成作业项[成功] (结果=[true])
2019/05/29 17:39:26 - 同步单表数据 - 完成作业项[数据量差异输出] (结果=[true])
2019/05/29 17:39:26 - 同步单表数据 - 完成作业项[分析目标表收集统计信息] (结果=[true])
2019/05/29 17:39:26 - 同步单表数据 - 完成作业项[迁移单表数据] (结果=[true])
2019/05/29 17:39:26 - 同步单表数据 - 完成作业项[是否需要重建表] (结果=[true])
2019/05/29 17:39:26 - 同步单表数据 - 完成作业项[设置标识] (结果=[true])
2019/05/29 17:39:26 - 同步单表数据 - 完成作业项[比较表结构] (结果=[true])
2019/05/29 17:39:26 - 同步单表数据 - 完成作业项[检查表是否存在] (结果=[true])
2019/05/29 17:39:26 - 同步单表数据 - 完成作业项[表名变量设置] (结果=[true])
2019/05/29 17:39:26 - 同步单表数据 - Using run configuration [Pentaho local]
2019/05/29 17:39:26 - 同步单表数据 - 开始项[表名变量设置]
2019/05/29 17:39:26 - 表名变量设置 - Using run configuration [Pentaho local]
2019/05/29 17:39:26 - 表名变量设置 - Using legacy execution engine
2019/05/29 17:39:26 - 表名变量设置 - 为了转换解除补丁开始  [表名变量设置]
2019/05/29 17:39:27 - 从结果获取表名.0 - 完成处理 (I=0, O=0, R=1, W=1, U=0, E=0)
2019/05/29 17:39:27 - 表名变量设置.0 - Setting environment variables...
2019/05/29 17:39:27 - 表名变量设置.0 - Set variable TABLENAME to value [AUTH_ROLE]
2019/05/29 17:39:27 - 表名变量设置.0 - Finished after 1 rows.
2019/05/29 17:39:27 - 表名变量设置.0 - 完成处理 (I=0, O=0, R=1, W=1, U=0, E=0)
2019/05/29 17:39:27 - 同步单表数据 - 开始项[检查表是否存在]
2019/05/29 17:39:27 - 同步单表数据 - 开始项[比较表结构]
2019/05/29 17:39:27 - 比较表结构 - Using run configuration [Pentaho local]
2019/05/29 17:39:27 - 比较表结构 - Using legacy execution engine
2019/05/29 17:39:27 - 比较表结构是否一致 - 为了转换解除补丁开始  [比较表结构是否一致]
2019/05/29 17:39:27 - 目标表数据字典.0 - Finished reading query, closing connection.
2019/05/29 17:39:27 - 源表数据字典.0 - Finished reading query, closing connection.
2019/05/29 17:39:27 - 目标表数据字典.0 - 完成处理 (I=7, O=0, R=0, W=7, U=0, E=0)
2019/05/29 17:39:27 - 源表数据字典.0 - 完成处理 (I=7, O=0, R=0, W=7, U=0, E=0)
2019/05/29 17:39:27 - 合并记录.0 - 完成处理 (I=0, O=0, R=14, W=7, U=0, E=0)
2019/05/29 17:39:27 - 值映射.0 - 完成处理 (I=0, O=0, R=7, W=7, U=0, E=0)
2019/05/29 17:39:27 - 字段选择.0 - 完成处理 (I=0, O=0, R=7, W=7, U=0, E=0)
2019/05/29 17:39:27 - 排序记录.0 - 完成处理 (I=0, O=0, R=7, W=7, U=0, E=0)
2019/05/29 17:39:27 - 去除重复记录.0 - 完成处理 (I=0, O=0, R=7, W=1, U=0, E=0)
2019/05/29 17:39:27 - 识别流的最后一行.0 - 完成处理 (I=0, O=0, R=1, W=1, U=0, E=0)
2019/05/29 17:39:27 - 过滤记录.0 - 完成处理 (I=0, O=0, R=1, W=1, U=0, E=0)
2019/05/29 17:39:27 - 复制记录到结果.0 - 完成处理 (I=0, O=0, R=1, W=1, U=0, E=0)
2019/05/29 17:39:27 - 同步单表数据 - 开始项[设置标识]
2019/05/29 17:39:27 - 设置标识 - Using run configuration [Pentaho local]
2019/05/29 17:39:27 - 设置标识 - Using legacy execution engine
2019/05/29 17:39:27 - 设置表结构是否一致的标识 - 为了转换解除补丁开始  [设置表结构是否一致的标识]
2019/05/29 17:39:27 - 从结果获取记录.0 - 完成处理 (I=0, O=0, R=1, W=1, U=0, E=0)
2019/05/29 17:39:27 - 设置变量.0 - Setting environment variables...
2019/05/29 17:39:27 - 设置变量.0 - Set variable DIFFERENT_FLAG to value [same]
2019/05/29 17:39:27 - 设置变量.0 - Finished after 1 rows.
2019/05/29 17:39:27 - 设置变量.0 - 完成处理 (I=0, O=0, R=1, W=1, U=0, E=0)
2019/05/29 17:39:27 - 同步单表数据 - 开始项[是否需要重建表]
2019/05/29 17:39:27 - 同步单表数据 - 开始项[迁移单表数据]
2019/05/29 17:39:27 - 迁移单表数据 - Using run configuration [Pentaho local]
2019/05/29 17:39:27 - 迁移单表数据 - 开始项[查询源表主键]
2019/05/29 17:39:27 - 查询源表主键 - Using run configuration [Pentaho local]
2019/05/29 17:39:27 - 查询源表主键 - Using legacy execution engine
2019/05/29 17:39:27 - 查询是否有主键 - 为了转换解除补丁开始  [查询是否有主键]
2019/05/29 17:39:27 - 查询是否有主键.0 - Finished reading query, closing connection.
2019/05/29 17:39:27 - 复制记录到结果.0 - 完成处理 (I=0, O=0, R=1, W=1, U=0, E=0)
2019/05/29 17:39:27 - 查询是否有主键.0 - 完成处理 (I=1, O=0, R=0, W=1, U=0, E=0)
2019/05/29 17:39:27 - 迁移单表数据 - 开始项[设置主键标识]
2019/05/29 17:39:27 - 设置主键标识 - Using run configuration [Pentaho local]
2019/05/29 17:39:27 - 设置主键标识 - Using legacy execution engine
2019/05/29 17:39:27 - 设置是否有主键标识 - 为了转换解除补丁开始  [设置是否有主键标识]
2019/05/29 17:39:27 - 从结果获取记录.0 - 完成处理 (I=0, O=0, R=1, W=1, U=0, E=0)
2019/05/29 17:39:27 - 设置变量.0 - Setting environment variables...
2019/05/29 17:39:27 - 设置变量.0 - Set variable PK_FLAG to value [1.0]
2019/05/29 17:39:27 - 设置变量.0 - Finished after 1 rows.
2019/05/29 17:39:27 - 设置变量.0 - 完成处理 (I=0, O=0, R=1, W=1, U=0, E=0)
2019/05/29 17:39:27 - 迁移单表数据 - 开始项[检验主键标识]
2019/05/29 17:39:27 - 迁移单表数据 - 开始项[查询源表主键信息]
2019/05/29 17:39:27 - 查询源表主键信息 - Using run configuration [Pentaho local]
2019/05/29 17:39:27 - 查询源表主键信息 - Using legacy execution engine
2019/05/29 17:39:27 - 查询源表主键信息 - 为了转换解除补丁开始  [查询源表主键信息]
2019/05/29 17:39:28 - 查询源表是否有主键.0 - Finished reading query, closing connection.
2019/05/29 17:39:28 - 复制记录到结果.0 - 完成处理 (I=0, O=0, R=1, W=1, U=0, E=0)
2019/05/29 17:39:28 - 查询源表是否有主键.0 - 完成处理 (I=1, O=0, R=0, W=1, U=0, E=0)
2019/05/29 17:39:28 - 迁移单表数据 - 开始项[设置主键变量]
2019/05/29 17:39:28 - 设置主键变量 - Using run configuration [Pentaho local]
2019/05/29 17:39:28 - 设置主键变量 - Using legacy execution engine
2019/05/29 17:39:28 - 设置主键变量 - 为了转换解除补丁开始  [设置主键变量]
2019/05/29 17:39:28 - 从结果获取记录.0 - 完成处理 (I=0, O=0, R=1, W=1, U=0, E=0)
2019/05/29 17:39:28 - 设置主键变量.0 - Setting environment variables...
2019/05/29 17:39:28 - 设置主键变量.0 - Set variable PK_COLUMN to value [ID]
2019/05/29 17:39:28 - 设置主键变量.0 - Finished after 1 rows.
2019/05/29 17:39:28 - 设置主键变量.0 - 完成处理 (I=0, O=0, R=1, W=1, U=0, E=0)
2019/05/29 17:39:28 - 迁移单表数据 - 开始项[生成merge语句的子句]
2019/05/29 17:39:28 - 生成merge语句的子句 - Using run configuration [Pentaho local]
2019/05/29 17:39:28 - 生成merge语句的子句 - Using legacy execution engine
2019/05/29 17:39:28 - 生成merge语句的子句 - 为了转换解除补丁开始  [生成merge语句的子句]
2019/05/29 17:39:28 - 生成merge语句子句.0 - Finished reading query, closing connection.
2019/05/29 17:39:28 - 复制记录到结果.0 - 完成处理 (I=0, O=0, R=1, W=1, U=0, E=0)
2019/05/29 17:39:28 - 生成merge语句子句.0 - 完成处理 (I=1, O=0, R=0, W=1, U=0, E=0)
2019/05/29 17:39:28 - 迁移单表数据 - 开始项[设置merge语句子句变量]
2019/05/29 17:39:28 - 设置merge语句子句变量 - Using run configuration [Pentaho local]
2019/05/29 17:39:28 - 设置merge语句子句变量 - Using legacy execution engine
2019/05/29 17:39:28 - 设置merge语句子句变量 - 为了转换解除补丁开始  [设置merge语句子句变量]
2019/05/29 17:39:28 - 获取merge语句子句.0 - 完成处理 (I=0, O=0, R=1, W=1, U=0, E=0)
2019/05/29 17:39:28 - 设置merge语句子句变量.0 - Setting environment variables...
2019/05/29 17:39:28 - 设置merge语句子句变量.0 - Set variable UPDATE_SQL to value [ UPDATE
 SET 
 TARGET.CREATE_TIMESTAMP= SOURCE.CREATE_TIMESTAMP
,TARGET.UPDATE_TIMESTAMP= SOURCE.UPDATE_TIMESTAMP
,TARGET.DESCRIPTION= SOURCE.DESCRIPTION
,TARGET.NAME= SOURCE.NAME
,TARGET.ORDER_INDEX= SOURCE.ORDER_INDEX
,TARGET.STATUS= SOURCE.STATUS
]
2019/05/29 17:39:28 - 设置merge语句子句变量.0 - Set variable INSERT_SQL to value [ INSERT
 (TARGET.CREATE_TIMESTAMP,TARGET.UPDATE_TIMESTAMP,TARGET.DESCRIPTION,TARGET.NAME,TARGET.ORDER_INDEX,TARGET.STATUS)
 VALUES
 (SOURCE.CREATE_TIMESTAMP,SOURCE.UPDATE_TIMESTAMP,SOURCE.DESCRIPTION,SOURCE.NAME,SOURCE.ORDER_INDEX,SOURCE.STATUS)]
2019/05/29 17:39:28 - 设置merge语句子句变量.0 - Finished after 1 rows.
2019/05/29 17:39:28 - 设置merge语句子句变量.0 - 完成处理 (I=0, O=0, R=1, W=1, U=0, E=0)
2019/05/29 17:39:28 - 迁移单表数据 - 开始项[增量迁移单表数据]
2019/05/29 17:39:28 - 增量迁移单表数据 - Using run configuration [Pentaho local]
2019/05/29 17:39:28 - 增量迁移单表数据 - Using legacy execution engine
2019/05/29 17:39:28 - 增量迁移单表数据 - 为了转换解除补丁开始  [增量迁移单表数据]
2019/05/29 17:39:28 - 执行SQL脚本.0 - Finished reading query, closing connection.
2019/05/29 17:39:28 - 执行SQL脚本.0 - 完成处理 (I=0, O=0, R=0, W=1, U=0, E=0)
2019/05/29 17:39:28 - 迁移单表数据 - 开始项[成功1]
2019/05/29 17:39:28 - 迁移单表数据 - 完成作业项[成功1] (结果=[true])
2019/05/29 17:39:28 - 迁移单表数据 - 完成作业项[增量迁移单表数据] (结果=[true])
2019/05/29 17:39:28 - 迁移单表数据 - 完成作业项[设置merge语句子句变量] (结果=[true])
2019/05/29 17:39:28 - 迁移单表数据 - 完成作业项[生成merge语句的子句] (结果=[true])
2019/05/29 17:39:28 - 迁移单表数据 - 完成作业项[设置主键变量] (结果=[true])
2019/05/29 17:39:28 - 迁移单表数据 - 完成作业项[查询源表主键信息] (结果=[true])
2019/05/29 17:39:28 - 迁移单表数据 - 完成作业项[检验主键标识] (结果=[true])
2019/05/29 17:39:28 - 迁移单表数据 - 完成作业项[设置主键标识] (结果=[true])
2019/05/29 17:39:28 - 迁移单表数据 - 完成作业项[查询源表主键] (结果=[true])
2019/05/29 17:39:28 - 同步单表数据 - 开始项[分析源表收集统计信息]
2019/05/29 17:39:28 - 同步单表数据 - 开始项[数据量差异输出]
2019/05/29 17:39:28 - 数据量差异输出 - Using run configuration [Pentaho local]
2019/05/29 17:39:28 - 数据量差异输出 - Using legacy execution engine
2019/05/29 17:39:28 - 比较源表和目标表数据量差异 - 为了转换解除补丁开始  [比较源表和目标表数据量差异]
2019/05/29 17:39:29 - 读取Excel中的表清单.0 - 完成处理 (I=15, O=0, R=0, W=30, U=0, E=0)
2019/05/29 17:39:29 - 获取目标表数据量.0 - Finished reading query, closing connection.
2019/05/29 17:39:29 - 获取目标表数据量.0 - 完成处理 (I=199, O=0, R=0, W=199, U=0, E=0)
2019/05/29 17:39:29 - 获取源表数据量.0 - Finished reading query, closing connection.
2019/05/29 17:39:29 - 获取源表数据量.0 - 完成处理 (I=168, O=0, R=0, W=168, U=0, E=0)
2019/05/29 17:39:29 - 清单中的表在目标端数据量.0 - 完成处理 (I=0, O=0, R=214, W=15, U=0, E=0)
2019/05/29 17:39:29 - 字段选择2.0 - 完成处理 (I=0, O=0, R=15, W=15, U=0, E=0)
2019/05/29 17:39:29 - 清单中的表在源端数据量.0 - 完成处理 (I=0, O=0, R=183, W=15, U=0, E=0)
2019/05/29 17:39:29 - 字段选择1.0 - 完成处理 (I=0, O=0, R=15, W=15, U=0, E=0)
2019/05/29 17:39:30 - 记录集连接.0 - 完成处理 (I=0, O=0, R=30, W=15, U=0, E=0)
2019/05/29 17:39:30 - 计算器.0 - 完成处理 (I=0, O=0, R=15, W=15, U=0, E=0)
2019/05/29 17:39:30 - 字段选择.0 - 完成处理 (I=0, O=0, R=15, W=15, U=0, E=0)
2019/05/29 17:39:30 - Microsoft Excel 输出.0 - 完成处理 (I=0, O=16, R=15, W=15, U=0, E=0)
2019/05/29 17:39:30 - 同步单表数据 - 开始项[成功]
2019/05/29 17:39:30 - 同步单表数据 - 完成作业项[成功] (结果=[true])
2019/05/29 17:39:30 - 同步单表数据 - 完成作业项[数据量差异输出] (结果=[true])
2019/05/29 17:39:30 - 同步单表数据 - 完成作业项[分析源表收集统计信息] (结果=[true])
2019/05/29 17:39:30 - 同步单表数据 - 开始项[分析目标表收集统计信息]
2019/05/29 17:39:30 - 同步单表数据 - 开始项[数据量差异输出]
2019/05/29 17:39:30 - 数据量差异输出 - Using run configuration [Pentaho local]
2019/05/29 17:39:30 - 数据量差异输出 - Using legacy execution engine
2019/05/29 17:39:30 - 比较源表和目标表数据量差异 - 为了转换解除补丁开始  [比较源表和目标表数据量差异]
2019/05/29 17:39:30 - 读取Excel中的表清单.0 - 完成处理 (I=15, O=0, R=0, W=30, U=0, E=0)
2019/05/29 17:39:30 - 获取目标表数据量.0 - Finished reading query, closing connection.
2019/05/29 17:39:30 - 获取目标表数据量.0 - 完成处理 (I=199, O=0, R=0, W=199, U=0, E=0)
2019/05/29 17:39:30 - 获取源表数据量.0 - Finished reading query, closing connection.
2019/05/29 17:39:30 - 获取源表数据量.0 - 完成处理 (I=168, O=0, R=0, W=168, U=0, E=0)
2019/05/29 17:39:31 - 清单中的表在目标端数据量.0 - 完成处理 (I=0, O=0, R=214, W=15, U=0, E=0)
2019/05/29 17:39:31 - 字段选择2.0 - 完成处理 (I=0, O=0, R=15, W=15, U=0, E=0)
2019/05/29 17:39:31 - 清单中的表在源端数据量.0 - 完成处理 (I=0, O=0, R=183, W=15, U=0, E=0)
2019/05/29 17:39:31 - 字段选择1.0 - 完成处理 (I=0, O=0, R=15, W=15, U=0, E=0)
2019/05/29 17:39:31 - 记录集连接.0 - 完成处理 (I=0, O=0, R=30, W=15, U=0, E=0)
2019/05/29 17:39:31 - 计算器.0 - 完成处理 (I=0, O=0, R=15, W=15, U=0, E=0)
2019/05/29 17:39:31 - 字段选择.0 - 完成处理 (I=0, O=0, R=15, W=15, U=0, E=0)
2019/05/29 17:39:31 - Microsoft Excel 输出.0 - 完成处理 (I=0, O=16, R=15, W=15, U=0, E=0)
2019/05/29 17:39:31 - 同步单表数据 - 开始项[成功]
2019/05/29 17:39:31 - 同步单表数据 - 完成作业项[成功] (结果=[true])
2019/05/29 17:39:31 - 同步单表数据 - 完成作业项[数据量差异输出] (结果=[true])
2019/05/29 17:39:31 - 同步单表数据 - 完成作业项[分析目标表收集统计信息] (结果=[true])
2019/05/29 17:39:31 - 同步单表数据 - 完成作业项[迁移单表数据] (结果=[true])
2019/05/29 17:39:31 - 同步单表数据 - 完成作业项[是否需要重建表] (结果=[true])
2019/05/29 17:39:31 - 同步单表数据 - 完成作业项[设置标识] (结果=[true])
2019/05/29 17:39:31 - 同步单表数据 - 完成作业项[比较表结构] (结果=[true])
2019/05/29 17:39:31 - 同步单表数据 - 完成作业项[检查表是否存在] (结果=[true])
2019/05/29 17:39:31 - 同步单表数据 - 完成作业项[表名变量设置] (结果=[true])
2019/05/29 17:39:31 - 同步单表数据 - Using run configuration [Pentaho local]
2019/05/29 17:39:31 - 同步单表数据 - 开始项[表名变量设置]
2019/05/29 17:39:31 - 表名变量设置 - Using run configuration [Pentaho local]
2019/05/29 17:39:31 - 表名变量设置 - Using legacy execution engine
2019/05/29 17:39:31 - 表名变量设置 - 为了转换解除补丁开始  [表名变量设置]
2019/05/29 17:39:31 - 从结果获取表名.0 - 完成处理 (I=0, O=0, R=1, W=1, U=0, E=0)
2019/05/29 17:39:31 - 表名变量设置.0 - Setting environment variables...
2019/05/29 17:39:31 - 表名变量设置.0 - Set variable TABLENAME to value [AUTH_USER]
2019/05/29 17:39:31 - 表名变量设置.0 - Finished after 1 rows.
2019/05/29 17:39:31 - 表名变量设置.0 - 完成处理 (I=0, O=0, R=1, W=1, U=0, E=0)
2019/05/29 17:39:31 - 同步单表数据 - 开始项[检查表是否存在]
2019/05/29 17:39:31 - 同步单表数据 - 开始项[比较表结构]
2019/05/29 17:39:31 - 比较表结构 - Using run configuration [Pentaho local]
2019/05/29 17:39:31 - 比较表结构 - Using legacy execution engine
2019/05/29 17:39:31 - 比较表结构是否一致 - 为了转换解除补丁开始  [比较表结构是否一致]
2019/05/29 17:39:31 - 目标表数据字典.0 - Finished reading query, closing connection.
2019/05/29 17:39:31 - 目标表数据字典.0 - 完成处理 (I=11, O=0, R=0, W=11, U=0, E=0)
2019/05/29 17:39:31 - 源表数据字典.0 - Finished reading query, closing connection.
2019/05/29 17:39:31 - 源表数据字典.0 - 完成处理 (I=11, O=0, R=0, W=11, U=0, E=0)
2019/05/29 17:39:32 - 合并记录.0 - 完成处理 (I=0, O=0, R=22, W=11, U=0, E=0)
2019/05/29 17:39:32 - 值映射.0 - 完成处理 (I=0, O=0, R=11, W=11, U=0, E=0)
2019/05/29 17:39:32 - 字段选择.0 - 完成处理 (I=0, O=0, R=11, W=11, U=0, E=0)
2019/05/29 17:39:32 - 排序记录.0 - 完成处理 (I=0, O=0, R=11, W=11, U=0, E=0)
2019/05/29 17:39:32 - 去除重复记录.0 - 完成处理 (I=0, O=0, R=11, W=1, U=0, E=0)
2019/05/29 17:39:32 - 识别流的最后一行.0 - 完成处理 (I=0, O=0, R=1, W=1, U=0, E=0)
2019/05/29 17:39:32 - 过滤记录.0 - 完成处理 (I=0, O=0, R=1, W=1, U=0, E=0)
2019/05/29 17:39:32 - 复制记录到结果.0 - 完成处理 (I=0, O=0, R=1, W=1, U=0, E=0)
2019/05/29 17:39:32 - 同步单表数据 - 开始项[设置标识]
2019/05/29 17:39:32 - 设置标识 - Using run configuration [Pentaho local]
2019/05/29 17:39:32 - 设置标识 - Using legacy execution engine
2019/05/29 17:39:32 - 设置表结构是否一致的标识 - 为了转换解除补丁开始  [设置表结构是否一致的标识]
2019/05/29 17:39:32 - 从结果获取记录.0 - 完成处理 (I=0, O=0, R=1, W=1, U=0, E=0)
2019/05/29 17:39:32 - 设置变量.0 - Setting environment variables...
2019/05/29 17:39:32 - 设置变量.0 - Set variable DIFFERENT_FLAG to value [same]
2019/05/29 17:39:32 - 设置变量.0 - Finished after 1 rows.
2019/05/29 17:39:32 - 设置变量.0 - 完成处理 (I=0, O=0, R=1, W=1, U=0, E=0)
2019/05/29 17:39:32 - 同步单表数据 - 开始项[是否需要重建表]
2019/05/29 17:39:32 - 同步单表数据 - 开始项[迁移单表数据]
2019/05/29 17:39:32 - 迁移单表数据 - Using run configuration [Pentaho local]
2019/05/29 17:39:32 - 迁移单表数据 - 开始项[查询源表主键]
2019/05/29 17:39:32 - 查询源表主键 - Using run configuration [Pentaho local]
2019/05/29 17:39:32 - 查询源表主键 - Using legacy execution engine
2019/05/29 17:39:32 - 查询是否有主键 - 为了转换解除补丁开始  [查询是否有主键]
2019/05/29 17:39:32 - 查询是否有主键.0 - Finished reading query, closing connection.
2019/05/29 17:39:32 - 复制记录到结果.0 - 完成处理 (I=0, O=0, R=1, W=1, U=0, E=0)
2019/05/29 17:39:32 - 查询是否有主键.0 - 完成处理 (I=1, O=0, R=0, W=1, U=0, E=0)
2019/05/29 17:39:32 - 迁移单表数据 - 开始项[设置主键标识]
2019/05/29 17:39:32 - 设置主键标识 - Using run configuration [Pentaho local]
2019/05/29 17:39:32 - 设置主键标识 - Using legacy execution engine
2019/05/29 17:39:32 - 设置是否有主键标识 - 为了转换解除补丁开始  [设置是否有主键标识]
2019/05/29 17:39:32 - 从结果获取记录.0 - 完成处理 (I=0, O=0, R=1, W=1, U=0, E=0)
2019/05/29 17:39:32 - 设置变量.0 - Setting environment variables...
2019/05/29 17:39:32 - 设置变量.0 - Set variable PK_FLAG to value [1.0]
2019/05/29 17:39:32 - 设置变量.0 - Finished after 1 rows.
2019/05/29 17:39:32 - 设置变量.0 - 完成处理 (I=0, O=0, R=1, W=1, U=0, E=0)
2019/05/29 17:39:32 - 迁移单表数据 - 开始项[检验主键标识]
2019/05/29 17:39:32 - 迁移单表数据 - 开始项[查询源表主键信息]
2019/05/29 17:39:32 - 查询源表主键信息 - Using run configuration [Pentaho local]
2019/05/29 17:39:32 - 查询源表主键信息 - Using legacy execution engine
2019/05/29 17:39:32 - 查询源表主键信息 - 为了转换解除补丁开始  [查询源表主键信息]
2019/05/29 17:39:32 - 查询源表是否有主键.0 - Finished reading query, closing connection.
2019/05/29 17:39:32 - 复制记录到结果.0 - 完成处理 (I=0, O=0, R=1, W=1, U=0, E=0)
2019/05/29 17:39:32 - 查询源表是否有主键.0 - 完成处理 (I=1, O=0, R=0, W=1, U=0, E=0)
2019/05/29 17:39:32 - 迁移单表数据 - 开始项[设置主键变量]
2019/05/29 17:39:32 - 设置主键变量 - Using run configuration [Pentaho local]
2019/05/29 17:39:32 - 设置主键变量 - Using legacy execution engine
2019/05/29 17:39:32 - 设置主键变量 - 为了转换解除补丁开始  [设置主键变量]
2019/05/29 17:39:32 - 从结果获取记录.0 - 完成处理 (I=0, O=0, R=1, W=1, U=0, E=0)
2019/05/29 17:39:32 - 设置主键变量.0 - Setting environment variables...
2019/05/29 17:39:32 - 设置主键变量.0 - Set variable PK_COLUMN to value [ID]
2019/05/29 17:39:32 - 设置主键变量.0 - Finished after 1 rows.
2019/05/29 17:39:32 - 设置主键变量.0 - 完成处理 (I=0, O=0, R=1, W=1, U=0, E=0)
2019/05/29 17:39:32 - 迁移单表数据 - 开始项[生成merge语句的子句]
2019/05/29 17:39:32 - 生成merge语句的子句 - Using run configuration [Pentaho local]
2019/05/29 17:39:32 - 生成merge语句的子句 - Using legacy execution engine
2019/05/29 17:39:32 - 生成merge语句的子句 - 为了转换解除补丁开始  [生成merge语句的子句]
2019/05/29 17:39:32 - 生成merge语句子句.0 - Finished reading query, closing connection.
2019/05/29 17:39:32 - 复制记录到结果.0 - 完成处理 (I=0, O=0, R=1, W=1, U=0, E=0)
2019/05/29 17:39:32 - 生成merge语句子句.0 - 完成处理 (I=1, O=0, R=0, W=1, U=0, E=0)
2019/05/29 17:39:32 - 迁移单表数据 - 开始项[设置merge语句子句变量]
2019/05/29 17:39:32 - 设置merge语句子句变量 - Using run configuration [Pentaho local]
2019/05/29 17:39:32 - 设置merge语句子句变量 - Using legacy execution engine
2019/05/29 17:39:32 - 设置merge语句子句变量 - 为了转换解除补丁开始  [设置merge语句子句变量]
2019/05/29 17:39:32 - 获取merge语句子句.0 - 完成处理 (I=0, O=0, R=1, W=1, U=0, E=0)
2019/05/29 17:39:32 - 设置merge语句子句变量.0 - Setting environment variables...
2019/05/29 17:39:32 - 设置merge语句子句变量.0 - Set variable UPDATE_SQL to value [ UPDATE
 SET 
 TARGET.CREATE_TIMESTAMP= SOURCE.CREATE_TIMESTAMP
,TARGET.UPDATE_TIMESTAMP= SOURCE.UPDATE_TIMESTAMP
,TARGET.CREATE_BY= SOURCE.CREATE_BY
,TARGET.MAIN_ACCOUNTS= SOURCE.MAIN_ACCOUNTS
,TARGET.NAME= SOURCE.NAME
,TARGET.PASSWORD= SOURCE.PASSWORD
,TARGET.PHONE= SOURCE.PHONE
,TARGET.STATUS= SOURCE.STATUS
,TARGET.USERNAME= SOURCE.USERNAME
,TARGET.GEO_ROLE_ID= SOURCE.GEO_ROLE_ID
]
2019/05/29 17:39:32 - 设置merge语句子句变量.0 - Set variable INSERT_SQL to value [ INSERT
 (TARGET.CREATE_TIMESTAMP,TARGET.UPDATE_TIMESTAMP,TARGET.CREATE_BY,TARGET.MAIN_ACCOUNTS,TARGET.NAME,TARGET.PASSWORD,TARGET.PHONE,TARGET.STATUS,TARGET.USERNAME,TARGET.GEO_ROLE_ID)
 VALUES
 (SOURCE.CREATE_TIMESTAMP,SOURCE.UPDATE_TIMESTAMP,SOURCE.CREATE_BY,SOURCE.MAIN_ACCOUNTS,SOURCE.NAME,SOURCE.PASSWORD,SOURCE.PHONE,SOURCE.STATUS,SOURCE.USERNAME,SOURCE.GEO_ROLE_ID)]
2019/05/29 17:39:32 - 设置merge语句子句变量.0 - Finished after 1 rows.
2019/05/29 17:39:32 - 设置merge语句子句变量.0 - 完成处理 (I=0, O=0, R=1, W=1, U=0, E=0)
2019/05/29 17:39:32 - 迁移单表数据 - 开始项[增量迁移单表数据]
2019/05/29 17:39:32 - 增量迁移单表数据 - Using run configuration [Pentaho local]
2019/05/29 17:39:32 - 增量迁移单表数据 - Using legacy execution engine
2019/05/29 17:39:32 - 增量迁移单表数据 - 为了转换解除补丁开始  [增量迁移单表数据]
2019/05/29 17:39:33 - 执行SQL脚本.0 - Finished reading query, closing connection.
2019/05/29 17:39:33 - 执行SQL脚本.0 - 完成处理 (I=0, O=0, R=0, W=1, U=0, E=0)
2019/05/29 17:39:33 - 迁移单表数据 - 开始项[成功1]
2019/05/29 17:39:33 - 迁移单表数据 - 完成作业项[成功1] (结果=[true])
2019/05/29 17:39:33 - 迁移单表数据 - 完成作业项[增量迁移单表数据] (结果=[true])
2019/05/29 17:39:33 - 迁移单表数据 - 完成作业项[设置merge语句子句变量] (结果=[true])
2019/05/29 17:39:33 - 迁移单表数据 - 完成作业项[生成merge语句的子句] (结果=[true])
2019/05/29 17:39:33 - 迁移单表数据 - 完成作业项[设置主键变量] (结果=[true])
2019/05/29 17:39:33 - 迁移单表数据 - 完成作业项[查询源表主键信息] (结果=[true])
2019/05/29 17:39:33 - 迁移单表数据 - 完成作业项[检验主键标识] (结果=[true])
2019/05/29 17:39:33 - 迁移单表数据 - 完成作业项[设置主键标识] (结果=[true])
2019/05/29 17:39:33 - 迁移单表数据 - 完成作业项[查询源表主键] (结果=[true])
2019/05/29 17:39:33 - 同步单表数据 - 开始项[分析源表收集统计信息]
2019/05/29 17:39:33 - 同步单表数据 - 开始项[数据量差异输出]
2019/05/29 17:39:33 - 数据量差异输出 - Using run configuration [Pentaho local]
2019/05/29 17:39:33 - 数据量差异输出 - Using legacy execution engine
2019/05/29 17:39:33 - 比较源表和目标表数据量差异 - 为了转换解除补丁开始  [比较源表和目标表数据量差异]
2019/05/29 17:39:33 - 读取Excel中的表清单.0 - 完成处理 (I=15, O=0, R=0, W=30, U=0, E=0)
2019/05/29 17:39:33 - 获取目标表数据量.0 - Finished reading query, closing connection.
2019/05/29 17:39:33 - 获取目标表数据量.0 - 完成处理 (I=199, O=0, R=0, W=199, U=0, E=0)
2019/05/29 17:39:33 - 获取源表数据量.0 - Finished reading query, closing connection.
2019/05/29 17:39:33 - 获取源表数据量.0 - 完成处理 (I=168, O=0, R=0, W=168, U=0, E=0)
2019/05/29 17:39:34 - 清单中的表在目标端数据量.0 - 完成处理 (I=0, O=0, R=214, W=15, U=0, E=0)
2019/05/29 17:39:34 - 字段选择2.0 - 完成处理 (I=0, O=0, R=15, W=15, U=0, E=0)
2019/05/29 17:39:34 - 清单中的表在源端数据量.0 - 完成处理 (I=0, O=0, R=183, W=15, U=0, E=0)
2019/05/29 17:39:34 - 字段选择1.0 - 完成处理 (I=0, O=0, R=15, W=15, U=0, E=0)
2019/05/29 17:39:34 - 记录集连接.0 - 完成处理 (I=0, O=0, R=30, W=15, U=0, E=0)
2019/05/29 17:39:34 - 计算器.0 - 完成处理 (I=0, O=0, R=15, W=15, U=0, E=0)
2019/05/29 17:39:34 - 字段选择.0 - 完成处理 (I=0, O=0, R=15, W=15, U=0, E=0)
2019/05/29 17:39:34 - Microsoft Excel 输出.0 - 完成处理 (I=0, O=16, R=15, W=15, U=0, E=0)
2019/05/29 17:39:34 - 同步单表数据 - 开始项[成功]
2019/05/29 17:39:34 - 同步单表数据 - 完成作业项[成功] (结果=[true])
2019/05/29 17:39:34 - 同步单表数据 - 完成作业项[数据量差异输出] (结果=[true])
2019/05/29 17:39:34 - 同步单表数据 - 完成作业项[分析源表收集统计信息] (结果=[true])
2019/05/29 17:39:34 - 同步单表数据 - 开始项[分析目标表收集统计信息]
2019/05/29 17:39:34 - 同步单表数据 - 开始项[数据量差异输出]
2019/05/29 17:39:34 - 数据量差异输出 - Using run configuration [Pentaho local]
2019/05/29 17:39:34 - 数据量差异输出 - Using legacy execution engine
2019/05/29 17:39:34 - 比较源表和目标表数据量差异 - 为了转换解除补丁开始  [比较源表和目标表数据量差异]
2019/05/29 17:39:35 - 读取Excel中的表清单.0 - 完成处理 (I=15, O=0, R=0, W=30, U=0, E=0)
2019/05/29 17:39:35 - 获取目标表数据量.0 - Finished reading query, closing connection.
2019/05/29 17:39:35 - 获取目标表数据量.0 - 完成处理 (I=199, O=0, R=0, W=199, U=0, E=0)
2019/05/29 17:39:35 - 获取源表数据量.0 - Finished reading query, closing connection.
2019/05/29 17:39:35 - 获取源表数据量.0 - 完成处理 (I=168, O=0, R=0, W=168, U=0, E=0)
2019/05/29 17:39:35 - 清单中的表在目标端数据量.0 - 完成处理 (I=0, O=0, R=214, W=15, U=0, E=0)
2019/05/29 17:39:35 - 字段选择2.0 - 完成处理 (I=0, O=0, R=15, W=15, U=0, E=0)
2019/05/29 17:39:35 - 清单中的表在源端数据量.0 - 完成处理 (I=0, O=0, R=183, W=15, U=0, E=0)
2019/05/29 17:39:35 - 字段选择1.0 - 完成处理 (I=0, O=0, R=15, W=15, U=0, E=0)
2019/05/29 17:39:35 - 记录集连接.0 - 完成处理 (I=0, O=0, R=30, W=15, U=0, E=0)
2019/05/29 17:39:35 - 计算器.0 - 完成处理 (I=0, O=0, R=15, W=15, U=0, E=0)
2019/05/29 17:39:35 - 字段选择.0 - 完成处理 (I=0, O=0, R=15, W=15, U=0, E=0)
2019/05/29 17:39:35 - Microsoft Excel 输出.0 - 完成处理 (I=0, O=16, R=15, W=15, U=0, E=0)
2019/05/29 17:39:35 - 同步单表数据 - 开始项[成功]
2019/05/29 17:39:35 - 同步单表数据 - 完成作业项[成功] (结果=[true])
2019/05/29 17:39:35 - 同步单表数据 - 完成作业项[数据量差异输出] (结果=[true])
2019/05/29 17:39:35 - 同步单表数据 - 完成作业项[分析目标表收集统计信息] (结果=[true])
2019/05/29 17:39:35 - 同步单表数据 - 完成作业项[迁移单表数据] (结果=[true])
2019/05/29 17:39:35 - 同步单表数据 - 完成作业项[是否需要重建表] (结果=[true])
2019/05/29 17:39:35 - 同步单表数据 - 完成作业项[设置标识] (结果=[true])
2019/05/29 17:39:35 - 同步单表数据 - 完成作业项[比较表结构] (结果=[true])
2019/05/29 17:39:35 - 同步单表数据 - 完成作业项[检查表是否存在] (结果=[true])
2019/05/29 17:39:35 - 同步单表数据 - 完成作业项[表名变量设置] (结果=[true])
2019/05/29 17:39:35 - 同步单表数据 - Using run configuration [Pentaho local]
2019/05/29 17:39:35 - 同步单表数据 - 开始项[表名变量设置]
2019/05/29 17:39:35 - 表名变量设置 - Using run configuration [Pentaho local]
2019/05/29 17:39:35 - 表名变量设置 - Using legacy execution engine
2019/05/29 17:39:35 - 表名变量设置 - 为了转换解除补丁开始  [表名变量设置]
2019/05/29 17:39:35 - 从结果获取表名.0 - 完成处理 (I=0, O=0, R=1, W=1, U=0, E=0)
2019/05/29 17:39:35 - 表名变量设置.0 - Setting environment variables...
2019/05/29 17:39:35 - 表名变量设置.0 - Set variable TABLENAME to value [AUTH_USER_ROLE]
2019/05/29 17:39:35 - 表名变量设置.0 - Finished after 1 rows.
2019/05/29 17:39:35 - 表名变量设置.0 - 完成处理 (I=0, O=0, R=1, W=1, U=0, E=0)
2019/05/29 17:39:35 - 同步单表数据 - 开始项[检查表是否存在]
2019/05/29 17:39:35 - 同步单表数据 - 开始项[比较表结构]
2019/05/29 17:39:36 - 比较表结构 - Using run configuration [Pentaho local]
2019/05/29 17:39:36 - 比较表结构 - Using legacy execution engine
2019/05/29 17:39:36 - 比较表结构是否一致 - 为了转换解除补丁开始  [比较表结构是否一致]
2019/05/29 17:39:36 - 目标表数据字典.0 - Finished reading query, closing connection.
2019/05/29 17:39:36 - 源表数据字典.0 - Finished reading query, closing connection.
2019/05/29 17:39:36 - 目标表数据字典.0 - 完成处理 (I=2, O=0, R=0, W=2, U=0, E=0)
2019/05/29 17:39:36 - 源表数据字典.0 - 完成处理 (I=2, O=0, R=0, W=2, U=0, E=0)
2019/05/29 17:39:36 - 合并记录.0 - 完成处理 (I=0, O=0, R=4, W=2, U=0, E=0)
2019/05/29 17:39:36 - 值映射.0 - 完成处理 (I=0, O=0, R=2, W=2, U=0, E=0)
2019/05/29 17:39:36 - 字段选择.0 - 完成处理 (I=0, O=0, R=2, W=2, U=0, E=0)
2019/05/29 17:39:36 - 排序记录.0 - 完成处理 (I=0, O=0, R=2, W=2, U=0, E=0)
2019/05/29 17:39:36 - 去除重复记录.0 - 完成处理 (I=0, O=0, R=2, W=1, U=0, E=0)
2019/05/29 17:39:36 - 识别流的最后一行.0 - 完成处理 (I=0, O=0, R=1, W=1, U=0, E=0)
2019/05/29 17:39:36 - 过滤记录.0 - 完成处理 (I=0, O=0, R=1, W=1, U=0, E=0)
2019/05/29 17:39:36 - 复制记录到结果.0 - 完成处理 (I=0, O=0, R=1, W=1, U=0, E=0)
2019/05/29 17:39:36 - 同步单表数据 - 开始项[设置标识]
2019/05/29 17:39:36 - 设置标识 - Using run configuration [Pentaho local]
2019/05/29 17:39:36 - 设置标识 - Using legacy execution engine
2019/05/29 17:39:36 - 设置表结构是否一致的标识 - 为了转换解除补丁开始  [设置表结构是否一致的标识]
2019/05/29 17:39:36 - 从结果获取记录.0 - 完成处理 (I=0, O=0, R=1, W=1, U=0, E=0)
2019/05/29 17:39:36 - 设置变量.0 - Setting environment variables...
2019/05/29 17:39:36 - 设置变量.0 - Set variable DIFFERENT_FLAG to value [same]
2019/05/29 17:39:36 - 设置变量.0 - Finished after 1 rows.
2019/05/29 17:39:36 - 设置变量.0 - 完成处理 (I=0, O=0, R=1, W=1, U=0, E=0)
2019/05/29 17:39:36 - 同步单表数据 - 开始项[是否需要重建表]
2019/05/29 17:39:36 - 同步单表数据 - 开始项[迁移单表数据]
2019/05/29 17:39:36 - 迁移单表数据 - Using run configuration [Pentaho local]
2019/05/29 17:39:36 - 迁移单表数据 - 开始项[查询源表主键]
2019/05/29 17:39:36 - 查询源表主键 - Using run configuration [Pentaho local]
2019/05/29 17:39:36 - 查询源表主键 - Using legacy execution engine
2019/05/29 17:39:36 - 查询是否有主键 - 为了转换解除补丁开始  [查询是否有主键]
2019/05/29 17:39:36 - 查询是否有主键.0 - Finished reading query, closing connection.
2019/05/29 17:39:36 - 复制记录到结果.0 - 完成处理 (I=0, O=0, R=1, W=1, U=0, E=0)
2019/05/29 17:39:36 - 查询是否有主键.0 - 完成处理 (I=1, O=0, R=0, W=1, U=0, E=0)
2019/05/29 17:39:36 - 迁移单表数据 - 开始项[设置主键标识]
2019/05/29 17:39:36 - 设置主键标识 - Using run configuration [Pentaho local]
2019/05/29 17:39:36 - 设置主键标识 - Using legacy execution engine
2019/05/29 17:39:36 - 设置是否有主键标识 - 为了转换解除补丁开始  [设置是否有主键标识]
2019/05/29 17:39:36 - 从结果获取记录.0 - 完成处理 (I=0, O=0, R=1, W=1, U=0, E=0)
2019/05/29 17:39:36 - 设置变量.0 - Setting environment variables...
2019/05/29 17:39:36 - 设置变量.0 - Set variable PK_FLAG to value [0.0]
2019/05/29 17:39:36 - 设置变量.0 - Finished after 1 rows.
2019/05/29 17:39:36 - 设置变量.0 - 完成处理 (I=0, O=0, R=1, W=1, U=0, E=0)
2019/05/29 17:39:36 - 迁移单表数据 - 开始项[检验主键标识]
2019/05/29 17:39:36 - 迁移单表数据 - 开始项[全量迁移单表数据]
2019/05/29 17:39:36 - 全量迁移单表数据 - Using run configuration [Pentaho local]
2019/05/29 17:39:36 - 全量迁移单表数据 - Using legacy execution engine
2019/05/29 17:39:36 - 全量迁移单表数据 - 为了转换解除补丁开始  [全量迁移单表数据]
2019/05/29 17:39:36 - 全量更新目标表.0 - Connected to database [XGT_TARGET] (commit=1000)
2019/05/29 17:39:36 - 获取源表数据.0 - Finished reading query, closing connection.
2019/05/29 17:39:36 - 获取源表数据.0 - 完成处理 (I=16, O=0, R=0, W=16, U=0, E=0)
2019/05/29 17:39:37 - 全量更新目标表.0 - 完成处理 (I=0, O=16, R=16, W=16, U=0, E=0)
2019/05/29 17:39:37 - 迁移单表数据 - 开始项[成功2]
2019/05/29 17:39:37 - 迁移单表数据 - 完成作业项[成功2] (结果=[true])
2019/05/29 17:39:37 - 迁移单表数据 - 完成作业项[全量迁移单表数据] (结果=[true])
2019/05/29 17:39:37 - 迁移单表数据 - 完成作业项[检验主键标识] (结果=[true])
2019/05/29 17:39:37 - 迁移单表数据 - 完成作业项[设置主键标识] (结果=[true])
2019/05/29 17:39:37 - 迁移单表数据 - 完成作业项[查询源表主键] (结果=[true])
2019/05/29 17:39:37 - 同步单表数据 - 开始项[分析源表收集统计信息]
2019/05/29 17:39:37 - 同步单表数据 - 开始项[数据量差异输出]
2019/05/29 17:39:37 - 数据量差异输出 - Using run configuration [Pentaho local]
2019/05/29 17:39:37 - 数据量差异输出 - Using legacy execution engine
2019/05/29 17:39:37 - 比较源表和目标表数据量差异 - 为了转换解除补丁开始  [比较源表和目标表数据量差异]
2019/05/29 17:39:38 - 读取Excel中的表清单.0 - 完成处理 (I=15, O=0, R=0, W=30, U=0, E=0)
2019/05/29 17:39:38 - 获取目标表数据量.0 - Finished reading query, closing connection.
2019/05/29 17:39:38 - 获取目标表数据量.0 - 完成处理 (I=199, O=0, R=0, W=199, U=0, E=0)
2019/05/29 17:39:38 - 获取源表数据量.0 - Finished reading query, closing connection.
2019/05/29 17:39:38 - 获取源表数据量.0 - 完成处理 (I=168, O=0, R=0, W=168, U=0, E=0)
2019/05/29 17:39:38 - 清单中的表在目标端数据量.0 - 完成处理 (I=0, O=0, R=214, W=15, U=0, E=0)
2019/05/29 17:39:38 - 字段选择2.0 - 完成处理 (I=0, O=0, R=15, W=15, U=0, E=0)
2019/05/29 17:39:38 - 清单中的表在源端数据量.0 - 完成处理 (I=0, O=0, R=183, W=15, U=0, E=0)
2019/05/29 17:39:38 - 字段选择1.0 - 完成处理 (I=0, O=0, R=15, W=15, U=0, E=0)
2019/05/29 17:39:38 - 记录集连接.0 - 完成处理 (I=0, O=0, R=30, W=15, U=0, E=0)
2019/05/29 17:39:38 - 计算器.0 - 完成处理 (I=0, O=0, R=15, W=15, U=0, E=0)
2019/05/29 17:39:38 - 字段选择.0 - 完成处理 (I=0, O=0, R=15, W=15, U=0, E=0)
2019/05/29 17:39:38 - Microsoft Excel 输出.0 - 完成处理 (I=0, O=16, R=15, W=15, U=0, E=0)
2019/05/29 17:39:38 - 同步单表数据 - 开始项[成功]
2019/05/29 17:39:38 - 同步单表数据 - 完成作业项[成功] (结果=[true])
2019/05/29 17:39:38 - 同步单表数据 - 完成作业项[数据量差异输出] (结果=[true])
2019/05/29 17:39:38 - 同步单表数据 - 完成作业项[分析源表收集统计信息] (结果=[true])
2019/05/29 17:39:38 - 同步单表数据 - 开始项[分析目标表收集统计信息]
2019/05/29 17:39:38 - 同步单表数据 - 开始项[数据量差异输出]
2019/05/29 17:39:38 - 数据量差异输出 - Using run configuration [Pentaho local]
2019/05/29 17:39:38 - 数据量差异输出 - Using legacy execution engine
2019/05/29 17:39:38 - 比较源表和目标表数据量差异 - 为了转换解除补丁开始  [比较源表和目标表数据量差异]
2019/05/29 17:39:39 - 读取Excel中的表清单.0 - 完成处理 (I=15, O=0, R=0, W=30, U=0, E=0)
2019/05/29 17:39:39 - 获取目标表数据量.0 - Finished reading query, closing connection.
2019/05/29 17:39:39 - 获取目标表数据量.0 - 完成处理 (I=199, O=0, R=0, W=199, U=0, E=0)
2019/05/29 17:39:39 - 获取源表数据量.0 - Finished reading query, closing connection.
2019/05/29 17:39:39 - 获取源表数据量.0 - 完成处理 (I=168, O=0, R=0, W=168, U=0, E=0)
2019/05/29 17:39:39 - 清单中的表在目标端数据量.0 - 完成处理 (I=0, O=0, R=214, W=15, U=0, E=0)
2019/05/29 17:39:39 - 字段选择2.0 - 完成处理 (I=0, O=0, R=15, W=15, U=0, E=0)
2019/05/29 17:39:39 - 清单中的表在源端数据量.0 - 完成处理 (I=0, O=0, R=183, W=15, U=0, E=0)
2019/05/29 17:39:39 - 字段选择1.0 - 完成处理 (I=0, O=0, R=15, W=15, U=0, E=0)
2019/05/29 17:39:40 - 记录集连接.0 - 完成处理 (I=0, O=0, R=30, W=15, U=0, E=0)
2019/05/29 17:39:40 - 计算器.0 - 完成处理 (I=0, O=0, R=15, W=15, U=0, E=0)
2019/05/29 17:39:40 - 字段选择.0 - 完成处理 (I=0, O=0, R=15, W=15, U=0, E=0)
2019/05/29 17:39:40 - Microsoft Excel 输出.0 - 完成处理 (I=0, O=16, R=15, W=15, U=0, E=0)
2019/05/29 17:39:40 - 同步单表数据 - 开始项[成功]
2019/05/29 17:39:40 - 同步单表数据 - 完成作业项[成功] (结果=[true])
2019/05/29 17:39:40 - 同步单表数据 - 完成作业项[数据量差异输出] (结果=[true])
2019/05/29 17:39:40 - 同步单表数据 - 完成作业项[分析目标表收集统计信息] (结果=[true])
2019/05/29 17:39:40 - 同步单表数据 - 完成作业项[迁移单表数据] (结果=[true])
2019/05/29 17:39:40 - 同步单表数据 - 完成作业项[是否需要重建表] (结果=[true])
2019/05/29 17:39:40 - 同步单表数据 - 完成作业项[设置标识] (结果=[true])
2019/05/29 17:39:40 - 同步单表数据 - 完成作业项[比较表结构] (结果=[true])
2019/05/29 17:39:40 - 同步单表数据 - 完成作业项[检查表是否存在] (结果=[true])
2019/05/29 17:39:40 - 同步单表数据 - 完成作业项[表名变量设置] (结果=[true])
2019/05/29 17:39:40 - 同步单表数据 - Using run configuration [Pentaho local]
2019/05/29 17:39:40 - 同步单表数据 - 开始项[表名变量设置]
2019/05/29 17:39:40 - 表名变量设置 - Using run configuration [Pentaho local]
2019/05/29 17:39:40 - 表名变量设置 - Using legacy execution engine
2019/05/29 17:39:40 - 表名变量设置 - 为了转换解除补丁开始  [表名变量设置]
2019/05/29 17:39:40 - 从结果获取表名.0 - 完成处理 (I=0, O=0, R=1, W=1, U=0, E=0)
2019/05/29 17:39:40 - 表名变量设置.0 - Setting environment variables...
2019/05/29 17:39:40 - 表名变量设置.0 - Set variable TABLENAME to value [CRM_CASH_LOG]
2019/05/29 17:39:40 - 表名变量设置.0 - Finished after 1 rows.
2019/05/29 17:39:40 - 表名变量设置.0 - 完成处理 (I=0, O=0, R=1, W=1, U=0, E=0)
2019/05/29 17:39:40 - 同步单表数据 - 开始项[检查表是否存在]
2019/05/29 17:39:40 - 同步单表数据 - 开始项[比较表结构]
2019/05/29 17:39:40 - 比较表结构 - Using run configuration [Pentaho local]
2019/05/29 17:39:40 - 比较表结构 - Using legacy execution engine
2019/05/29 17:39:40 - 比较表结构是否一致 - 为了转换解除补丁开始  [比较表结构是否一致]
2019/05/29 17:39:40 - 目标表数据字典.0 - Finished reading query, closing connection.
2019/05/29 17:39:40 - 目标表数据字典.0 - 完成处理 (I=18, O=0, R=0, W=18, U=0, E=0)
2019/05/29 17:39:40 - 源表数据字典.0 - Finished reading query, closing connection.
2019/05/29 17:39:40 - 源表数据字典.0 - 完成处理 (I=18, O=0, R=0, W=18, U=0, E=0)
2019/05/29 17:39:40 - 合并记录.0 - 完成处理 (I=0, O=0, R=36, W=18, U=0, E=0)
2019/05/29 17:39:40 - 值映射.0 - 完成处理 (I=0, O=0, R=18, W=18, U=0, E=0)
2019/05/29 17:39:40 - 字段选择.0 - 完成处理 (I=0, O=0, R=18, W=18, U=0, E=0)
2019/05/29 17:39:40 - 排序记录.0 - 完成处理 (I=0, O=0, R=18, W=18, U=0, E=0)
2019/05/29 17:39:40 - 去除重复记录.0 - 完成处理 (I=0, O=0, R=18, W=1, U=0, E=0)
2019/05/29 17:39:40 - 识别流的最后一行.0 - 完成处理 (I=0, O=0, R=1, W=1, U=0, E=0)
2019/05/29 17:39:40 - 过滤记录.0 - 完成处理 (I=0, O=0, R=1, W=1, U=0, E=0)
2019/05/29 17:39:40 - 复制记录到结果.0 - 完成处理 (I=0, O=0, R=1, W=1, U=0, E=0)
2019/05/29 17:39:40 - 同步单表数据 - 开始项[设置标识]
2019/05/29 17:39:40 - 设置标识 - Using run configuration [Pentaho local]
2019/05/29 17:39:40 - 设置标识 - Using legacy execution engine
2019/05/29 17:39:40 - 设置表结构是否一致的标识 - 为了转换解除补丁开始  [设置表结构是否一致的标识]
2019/05/29 17:39:40 - 从结果获取记录.0 - 完成处理 (I=0, O=0, R=1, W=1, U=0, E=0)
2019/05/29 17:39:40 - 设置变量.0 - Setting environment variables...
2019/05/29 17:39:40 - 设置变量.0 - Set variable DIFFERENT_FLAG to value [same]
2019/05/29 17:39:40 - 设置变量.0 - Finished after 1 rows.
2019/05/29 17:39:40 - 设置变量.0 - 完成处理 (I=0, O=0, R=1, W=1, U=0, E=0)
2019/05/29 17:39:40 - 同步单表数据 - 开始项[是否需要重建表]
2019/05/29 17:39:40 - 同步单表数据 - 开始项[迁移单表数据]
2019/05/29 17:39:40 - 迁移单表数据 - Using run configuration [Pentaho local]
2019/05/29 17:39:40 - 迁移单表数据 - 开始项[查询源表主键]
2019/05/29 17:39:40 - 查询源表主键 - Using run configuration [Pentaho local]
2019/05/29 17:39:40 - 查询源表主键 - Using legacy execution engine
2019/05/29 17:39:40 - 查询是否有主键 - 为了转换解除补丁开始  [查询是否有主键]
2019/05/29 17:39:40 - 查询是否有主键.0 - Finished reading query, closing connection.
2019/05/29 17:39:40 - 复制记录到结果.0 - 完成处理 (I=0, O=0, R=1, W=1, U=0, E=0)
2019/05/29 17:39:40 - 查询是否有主键.0 - 完成处理 (I=1, O=0, R=0, W=1, U=0, E=0)
2019/05/29 17:39:40 - 迁移单表数据 - 开始项[设置主键标识]
2019/05/29 17:39:41 - 设置主键标识 - Using run configuration [Pentaho local]
2019/05/29 17:39:41 - 设置主键标识 - Using legacy execution engine
2019/05/29 17:39:41 - 设置是否有主键标识 - 为了转换解除补丁开始  [设置是否有主键标识]
2019/05/29 17:39:41 - 从结果获取记录.0 - 完成处理 (I=0, O=0, R=1, W=1, U=0, E=0)
2019/05/29 17:39:41 - 设置变量.0 - Setting environment variables...
2019/05/29 17:39:41 - 设置变量.0 - Set variable PK_FLAG to value [1.0]
2019/05/29 17:39:41 - 设置变量.0 - Finished after 1 rows.
2019/05/29 17:39:41 - 设置变量.0 - 完成处理 (I=0, O=0, R=1, W=1, U=0, E=0)
2019/05/29 17:39:41 - 迁移单表数据 - 开始项[检验主键标识]
2019/05/29 17:39:41 - 迁移单表数据 - 开始项[查询源表主键信息]
2019/05/29 17:39:41 - 查询源表主键信息 - Using run configuration [Pentaho local]
2019/05/29 17:39:41 - 查询源表主键信息 - Using legacy execution engine
2019/05/29 17:39:41 - 查询源表主键信息 - 为了转换解除补丁开始  [查询源表主键信息]
2019/05/29 17:39:41 - 查询源表是否有主键.0 - Finished reading query, closing connection.
2019/05/29 17:39:41 - 复制记录到结果.0 - 完成处理 (I=0, O=0, R=1, W=1, U=0, E=0)
2019/05/29 17:39:41 - 查询源表是否有主键.0 - 完成处理 (I=1, O=0, R=0, W=1, U=0, E=0)
2019/05/29 17:39:41 - 迁移单表数据 - 开始项[设置主键变量]
2019/05/29 17:39:41 - 设置主键变量 - Using run configuration [Pentaho local]
2019/05/29 17:39:41 - 设置主键变量 - Using legacy execution engine
2019/05/29 17:39:41 - 设置主键变量 - 为了转换解除补丁开始  [设置主键变量]
2019/05/29 17:39:41 - 从结果获取记录.0 - 完成处理 (I=0, O=0, R=1, W=1, U=0, E=0)
2019/05/29 17:39:41 - 设置主键变量.0 - Setting environment variables...
2019/05/29 17:39:41 - 设置主键变量.0 - Set variable PK_COLUMN to value [ID]
2019/05/29 17:39:41 - 设置主键变量.0 - Finished after 1 rows.
2019/05/29 17:39:41 - 设置主键变量.0 - 完成处理 (I=0, O=0, R=1, W=1, U=0, E=0)
2019/05/29 17:39:41 - 迁移单表数据 - 开始项[生成merge语句的子句]
2019/05/29 17:39:41 - 生成merge语句的子句 - Using run configuration [Pentaho local]
2019/05/29 17:39:41 - 生成merge语句的子句 - Using legacy execution engine
2019/05/29 17:39:41 - 生成merge语句的子句 - 为了转换解除补丁开始  [生成merge语句的子句]
2019/05/29 17:39:41 - 生成merge语句子句.0 - Finished reading query, closing connection.
2019/05/29 17:39:41 - 复制记录到结果.0 - 完成处理 (I=0, O=0, R=1, W=1, U=0, E=0)
2019/05/29 17:39:41 - 生成merge语句子句.0 - 完成处理 (I=1, O=0, R=0, W=1, U=0, E=0)
2019/05/29 17:39:41 - 迁移单表数据 - 开始项[设置merge语句子句变量]
2019/05/29 17:39:41 - 设置merge语句子句变量 - Using run configuration [Pentaho local]
2019/05/29 17:39:41 - 设置merge语句子句变量 - Using legacy execution engine
2019/05/29 17:39:41 - 设置merge语句子句变量 - 为了转换解除补丁开始  [设置merge语句子句变量]
2019/05/29 17:39:41 - 获取merge语句子句.0 - 完成处理 (I=0, O=0, R=1, W=1, U=0, E=0)
2019/05/29 17:39:41 - 设置merge语句子句变量.0 - Setting environment variables...
2019/05/29 17:39:41 - 设置merge语句子句变量.0 - Set variable UPDATE_SQL to value [ UPDATE
 SET 
 TARGET.CREATE_TIMESTAMP= SOURCE.CREATE_TIMESTAMP
,TARGET.UPDATE_TIMESTAMP= SOURCE.UPDATE_TIMESTAMP
,TARGET.ACCOUNT_ID= SOURCE.ACCOUNT_ID
,TARGET.DEPOT_CODE= SOURCE.DEPOT_CODE
,TARGET.MEMBER_ID= SOURCE.MEMBER_ID
,TARGET.MOBILE= SOURCE.MOBILE
,TARGET.PAYMENT_WAY= SOURCE.PAYMENT_WAY
,TARGET.REMAIN_DEPOSIT= SOURCE.REMAIN_DEPOSIT
,TARGET.STATUS= SOURCE.STATUS
,TARGET.TRADE_CASH= SOURCE.TRADE_CASH
,TARGET.TRADE_ID= SOURCE.TRADE_ID
,TARGET.TRADE_REMARK= SOURCE.TRADE_REMARK
,TARGET.TRADE_TYPE= SOURCE.TRADE_TYPE
,TARGET.VERSION= SOURCE.VERSION
,TARGET.CONSULTANT= SOURCE.CONSULTANT
,TARGET.CONSULTANT_ID= SOURCE.CONSULTANT_ID
,TARGET.MEMBER_NAME= SOURCE.MEMBER_NAME
]
2019/05/29 17:39:41 - 设置merge语句子句变量.0 - Set variable INSERT_SQL to value [ INSERT
 (TARGET.CREATE_TIMESTAMP,TARGET.UPDATE_TIMESTAMP,TARGET.ACCOUNT_ID,TARGET.DEPOT_CODE,TARGET.MEMBER_ID,TARGET.MOBILE,TARGET.PAYMENT_WAY,TARGET.REMAIN_DEPOSIT,TARGET.STATUS,TARGET.TRADE_CASH,TARGET.TRADE_ID,TARGET.TRADE_REMARK,TARGET.TRADE_TYPE,TARGET.VERSION,TARGET.CONSULTANT,TARGET.CONSULTANT_ID,TARGET.MEMBER_NAME)
 VALUES
 (SOURCE.CREATE_TIMESTAMP,SOURCE.UPDATE_TIMESTAMP,SOURCE.ACCOUNT_ID,SOURCE.DEPOT_CODE,SOURCE.MEMBER_ID,SOURCE.MOBILE,SOURCE.PAYMENT_WAY,SOURCE.REMAIN_DEPOSIT,SOURCE.STATUS,SOURCE.TRADE_CASH,SOURCE.TRADE_ID,SOURCE.TRADE_REMARK,SOURCE.TRADE_TYPE,SOURCE.VERSION,SOURCE.CONSULTANT,SOURCE.CONSULTANT_ID,SOURCE.MEMBER_NAME)]
2019/05/29 17:39:41 - 设置merge语句子句变量.0 - Finished after 1 rows.
2019/05/29 17:39:41 - 设置merge语句子句变量.0 - 完成处理 (I=0, O=0, R=1, W=1, U=0, E=0)
2019/05/29 17:39:41 - 迁移单表数据 - 开始项[增量迁移单表数据]
2019/05/29 17:39:41 - 增量迁移单表数据 - Using run configuration [Pentaho local]
2019/05/29 17:39:41 - 增量迁移单表数据 - Using legacy execution engine
2019/05/29 17:39:41 - 增量迁移单表数据 - 为了转换解除补丁开始  [增量迁移单表数据]
2019/05/29 17:39:41 - 执行SQL脚本.0 - Finished reading query, closing connection.
2019/05/29 17:39:41 - 执行SQL脚本.0 - 完成处理 (I=0, O=0, R=0, W=1, U=0, E=0)
2019/05/29 17:39:41 - 迁移单表数据 - 开始项[成功1]
2019/05/29 17:39:41 - 迁移单表数据 - 完成作业项[成功1] (结果=[true])
2019/05/29 17:39:41 - 迁移单表数据 - 完成作业项[增量迁移单表数据] (结果=[true])
2019/05/29 17:39:41 - 迁移单表数据 - 完成作业项[设置merge语句子句变量] (结果=[true])
2019/05/29 17:39:41 - 迁移单表数据 - 完成作业项[生成merge语句的子句] (结果=[true])
2019/05/29 17:39:41 - 迁移单表数据 - 完成作业项[设置主键变量] (结果=[true])
2019/05/29 17:39:41 - 迁移单表数据 - 完成作业项[查询源表主键信息] (结果=[true])
2019/05/29 17:39:41 - 迁移单表数据 - 完成作业项[检验主键标识] (结果=[true])
2019/05/29 17:39:41 - 迁移单表数据 - 完成作业项[设置主键标识] (结果=[true])
2019/05/29 17:39:41 - 迁移单表数据 - 完成作业项[查询源表主键] (结果=[true])
2019/05/29 17:39:41 - 同步单表数据 - 开始项[分析源表收集统计信息]
2019/05/29 17:39:41 - 同步单表数据 - 开始项[数据量差异输出]
2019/05/29 17:39:41 - 数据量差异输出 - Using run configuration [Pentaho local]
2019/05/29 17:39:41 - 数据量差异输出 - Using legacy execution engine
2019/05/29 17:39:41 - 比较源表和目标表数据量差异 - 为了转换解除补丁开始  [比较源表和目标表数据量差异]
2019/05/29 17:39:42 - 读取Excel中的表清单.0 - 完成处理 (I=15, O=0, R=0, W=30, U=0, E=0)
2019/05/29 17:39:42 - 获取目标表数据量.0 - Finished reading query, closing connection.
2019/05/29 17:39:42 - 获取目标表数据量.0 - 完成处理 (I=199, O=0, R=0, W=199, U=0, E=0)
2019/05/29 17:39:42 - 获取源表数据量.0 - Finished reading query, closing connection.
2019/05/29 17:39:42 - 获取源表数据量.0 - 完成处理 (I=168, O=0, R=0, W=168, U=0, E=0)
2019/05/29 17:39:42 - 清单中的表在目标端数据量.0 - 完成处理 (I=0, O=0, R=214, W=15, U=0, E=0)
2019/05/29 17:39:42 - 字段选择2.0 - 完成处理 (I=0, O=0, R=15, W=15, U=0, E=0)
2019/05/29 17:39:42 - 清单中的表在源端数据量.0 - 完成处理 (I=0, O=0, R=183, W=15, U=0, E=0)
2019/05/29 17:39:42 - 字段选择1.0 - 完成处理 (I=0, O=0, R=15, W=15, U=0, E=0)
2019/05/29 17:39:43 - 记录集连接.0 - 完成处理 (I=0, O=0, R=30, W=15, U=0, E=0)
2019/05/29 17:39:43 - 计算器.0 - 完成处理 (I=0, O=0, R=15, W=15, U=0, E=0)
2019/05/29 17:39:43 - 字段选择.0 - 完成处理 (I=0, O=0, R=15, W=15, U=0, E=0)
2019/05/29 17:39:43 - Microsoft Excel 输出.0 - 完成处理 (I=0, O=16, R=15, W=15, U=0, E=0)
2019/05/29 17:39:43 - 同步单表数据 - 开始项[成功]
2019/05/29 17:39:43 - 同步单表数据 - 完成作业项[成功] (结果=[true])
2019/05/29 17:39:43 - 同步单表数据 - 完成作业项[数据量差异输出] (结果=[true])
2019/05/29 17:39:43 - 同步单表数据 - 完成作业项[分析源表收集统计信息] (结果=[true])
2019/05/29 17:39:43 - 同步单表数据 - 开始项[分析目标表收集统计信息]
2019/05/29 17:39:43 - 同步单表数据 - 开始项[数据量差异输出]
2019/05/29 17:39:43 - 数据量差异输出 - Using run configuration [Pentaho local]
2019/05/29 17:39:43 - 数据量差异输出 - Using legacy execution engine
2019/05/29 17:39:43 - 比较源表和目标表数据量差异 - 为了转换解除补丁开始  [比较源表和目标表数据量差异]
2019/05/29 17:39:43 - 读取Excel中的表清单.0 - 完成处理 (I=15, O=0, R=0, W=30, U=0, E=0)
2019/05/29 17:39:43 - 获取目标表数据量.0 - Finished reading query, closing connection.
2019/05/29 17:39:43 - 获取目标表数据量.0 - 完成处理 (I=199, O=0, R=0, W=199, U=0, E=0)
2019/05/29 17:39:43 - 获取源表数据量.0 - Finished reading query, closing connection.
2019/05/29 17:39:43 - 获取源表数据量.0 - 完成处理 (I=168, O=0, R=0, W=168, U=0, E=0)
2019/05/29 17:39:44 - 清单中的表在目标端数据量.0 - 完成处理 (I=0, O=0, R=214, W=15, U=0, E=0)
2019/05/29 17:39:44 - 字段选择2.0 - 完成处理 (I=0, O=0, R=15, W=15, U=0, E=0)
2019/05/29 17:39:44 - 清单中的表在源端数据量.0 - 完成处理 (I=0, O=0, R=183, W=15, U=0, E=0)
2019/05/29 17:39:44 - 字段选择1.0 - 完成处理 (I=0, O=0, R=15, W=15, U=0, E=0)
2019/05/29 17:39:44 - 记录集连接.0 - 完成处理 (I=0, O=0, R=30, W=15, U=0, E=0)
2019/05/29 17:39:44 - 计算器.0 - 完成处理 (I=0, O=0, R=15, W=15, U=0, E=0)
2019/05/29 17:39:44 - 字段选择.0 - 完成处理 (I=0, O=0, R=15, W=15, U=0, E=0)
2019/05/29 17:39:44 - Microsoft Excel 输出.0 - 完成处理 (I=0, O=16, R=15, W=15, U=0, E=0)
2019/05/29 17:39:44 - 同步单表数据 - 开始项[成功]
2019/05/29 17:39:44 - 同步单表数据 - 完成作业项[成功] (结果=[true])
2019/05/29 17:39:44 - 同步单表数据 - 完成作业项[数据量差异输出] (结果=[true])
2019/05/29 17:39:44 - 同步单表数据 - 完成作业项[分析目标表收集统计信息] (结果=[true])
2019/05/29 17:39:44 - 同步单表数据 - 完成作业项[迁移单表数据] (结果=[true])
2019/05/29 17:39:44 - 同步单表数据 - 完成作业项[是否需要重建表] (结果=[true])
2019/05/29 17:39:44 - 同步单表数据 - 完成作业项[设置标识] (结果=[true])
2019/05/29 17:39:44 - 同步单表数据 - 完成作业项[比较表结构] (结果=[true])
2019/05/29 17:39:44 - 同步单表数据 - 完成作业项[检查表是否存在] (结果=[true])
2019/05/29 17:39:44 - 同步单表数据 - 完成作业项[表名变量设置] (结果=[true])
2019/05/29 17:39:44 - 同步单表数据 - Using run configuration [Pentaho local]
2019/05/29 17:39:44 - 同步单表数据 - 开始项[表名变量设置]
2019/05/29 17:39:44 - 表名变量设置 - Using run configuration [Pentaho local]
2019/05/29 17:39:44 - 表名变量设置 - Using legacy execution engine
2019/05/29 17:39:44 - 表名变量设置 - 为了转换解除补丁开始  [表名变量设置]
2019/05/29 17:39:44 - 从结果获取表名.0 - 完成处理 (I=0, O=0, R=1, W=1, U=0, E=0)
2019/05/29 17:39:44 - 表名变量设置.0 - Setting environment variables...
2019/05/29 17:39:44 - 表名变量设置.0 - Set variable TABLENAME to value [MEM_MEMBER]
2019/05/29 17:39:44 - 表名变量设置.0 - Finished after 1 rows.
2019/05/29 17:39:44 - 表名变量设置.0 - 完成处理 (I=0, O=0, R=1, W=1, U=0, E=0)
2019/05/29 17:39:44 - 同步单表数据 - 开始项[检查表是否存在]
2019/05/29 17:39:44 - 同步单表数据 - 开始项[比较表结构]
2019/05/29 17:39:44 - 比较表结构 - Using run configuration [Pentaho local]
2019/05/29 17:39:44 - 比较表结构 - Using legacy execution engine
2019/05/29 17:39:44 - 比较表结构是否一致 - 为了转换解除补丁开始  [比较表结构是否一致]
2019/05/29 17:39:44 - 目标表数据字典.0 - Finished reading query, closing connection.
2019/05/29 17:39:44 - 目标表数据字典.0 - 完成处理 (I=36, O=0, R=0, W=36, U=0, E=0)
2019/05/29 17:39:44 - 源表数据字典.0 - Finished reading query, closing connection.
2019/05/29 17:39:44 - 源表数据字典.0 - 完成处理 (I=36, O=0, R=0, W=36, U=0, E=0)
2019/05/29 17:39:45 - 合并记录.0 - 完成处理 (I=0, O=0, R=72, W=36, U=0, E=0)
2019/05/29 17:39:45 - 值映射.0 - 完成处理 (I=0, O=0, R=36, W=36, U=0, E=0)
2019/05/29 17:39:45 - 字段选择.0 - 完成处理 (I=0, O=0, R=36, W=36, U=0, E=0)
2019/05/29 17:39:45 - 排序记录.0 - 完成处理 (I=0, O=0, R=36, W=36, U=0, E=0)
2019/05/29 17:39:45 - 去除重复记录.0 - 完成处理 (I=0, O=0, R=36, W=1, U=0, E=0)
2019/05/29 17:39:45 - 识别流的最后一行.0 - 完成处理 (I=0, O=0, R=1, W=1, U=0, E=0)
2019/05/29 17:39:45 - 过滤记录.0 - 完成处理 (I=0, O=0, R=1, W=1, U=0, E=0)
2019/05/29 17:39:45 - 复制记录到结果.0 - 完成处理 (I=0, O=0, R=1, W=1, U=0, E=0)
2019/05/29 17:39:45 - 同步单表数据 - 开始项[设置标识]
2019/05/29 17:39:45 - 设置标识 - Using run configuration [Pentaho local]
2019/05/29 17:39:45 - 设置标识 - Using legacy execution engine
2019/05/29 17:39:45 - 设置表结构是否一致的标识 - 为了转换解除补丁开始  [设置表结构是否一致的标识]
2019/05/29 17:39:45 - 从结果获取记录.0 - 完成处理 (I=0, O=0, R=1, W=1, U=0, E=0)
2019/05/29 17:39:45 - 设置变量.0 - Setting environment variables...
2019/05/29 17:39:45 - 设置变量.0 - Set variable DIFFERENT_FLAG to value [same]
2019/05/29 17:39:45 - 设置变量.0 - Finished after 1 rows.
2019/05/29 17:39:45 - 设置变量.0 - 完成处理 (I=0, O=0, R=1, W=1, U=0, E=0)
2019/05/29 17:39:45 - 同步单表数据 - 开始项[是否需要重建表]
2019/05/29 17:39:45 - 同步单表数据 - 开始项[迁移单表数据]
2019/05/29 17:39:45 - 迁移单表数据 - Using run configuration [Pentaho local]
2019/05/29 17:39:45 - 迁移单表数据 - 开始项[查询源表主键]
2019/05/29 17:39:45 - 查询源表主键 - Using run configuration [Pentaho local]
2019/05/29 17:39:45 - 查询源表主键 - Using legacy execution engine
2019/05/29 17:39:45 - 查询是否有主键 - 为了转换解除补丁开始  [查询是否有主键]
2019/05/29 17:39:45 - 查询是否有主键.0 - Finished reading query, closing connection.
2019/05/29 17:39:45 - 复制记录到结果.0 - 完成处理 (I=0, O=0, R=1, W=1, U=0, E=0)
2019/05/29 17:39:45 - 查询是否有主键.0 - 完成处理 (I=1, O=0, R=0, W=1, U=0, E=0)
2019/05/29 17:39:45 - 迁移单表数据 - 开始项[设置主键标识]
2019/05/29 17:39:45 - 设置主键标识 - Using run configuration [Pentaho local]
2019/05/29 17:39:45 - 设置主键标识 - Using legacy execution engine
2019/05/29 17:39:45 - 设置是否有主键标识 - 为了转换解除补丁开始  [设置是否有主键标识]
2019/05/29 17:39:45 - 从结果获取记录.0 - 完成处理 (I=0, O=0, R=1, W=1, U=0, E=0)
2019/05/29 17:39:45 - 设置变量.0 - Setting environment variables...
2019/05/29 17:39:45 - 设置变量.0 - Set variable PK_FLAG to value [1.0]
2019/05/29 17:39:45 - 设置变量.0 - Finished after 1 rows.
2019/05/29 17:39:45 - 设置变量.0 - 完成处理 (I=0, O=0, R=1, W=1, U=0, E=0)
2019/05/29 17:39:45 - 迁移单表数据 - 开始项[检验主键标识]
2019/05/29 17:39:45 - 迁移单表数据 - 开始项[查询源表主键信息]
2019/05/29 17:39:45 - 查询源表主键信息 - Using run configuration [Pentaho local]
2019/05/29 17:39:45 - 查询源表主键信息 - Using legacy execution engine
2019/05/29 17:39:45 - 查询源表主键信息 - 为了转换解除补丁开始  [查询源表主键信息]
2019/05/29 17:39:45 - 查询源表是否有主键.0 - Finished reading query, closing connection.
2019/05/29 17:39:45 - 复制记录到结果.0 - 完成处理 (I=0, O=0, R=1, W=1, U=0, E=0)
2019/05/29 17:39:45 - 查询源表是否有主键.0 - 完成处理 (I=1, O=0, R=0, W=1, U=0, E=0)
2019/05/29 17:39:45 - 迁移单表数据 - 开始项[设置主键变量]
2019/05/29 17:39:45 - 设置主键变量 - Using run configuration [Pentaho local]
2019/05/29 17:39:45 - 设置主键变量 - Using legacy execution engine
2019/05/29 17:39:45 - 设置主键变量 - 为了转换解除补丁开始  [设置主键变量]
2019/05/29 17:39:45 - 从结果获取记录.0 - 完成处理 (I=0, O=0, R=1, W=1, U=0, E=0)
2019/05/29 17:39:45 - 设置主键变量.0 - Setting environment variables...
2019/05/29 17:39:45 - 设置主键变量.0 - Set variable PK_COLUMN to value [ID]
2019/05/29 17:39:45 - 设置主键变量.0 - Finished after 1 rows.
2019/05/29 17:39:45 - 设置主键变量.0 - 完成处理 (I=0, O=0, R=1, W=1, U=0, E=0)
2019/05/29 17:39:45 - 迁移单表数据 - 开始项[生成merge语句的子句]
2019/05/29 17:39:45 - 生成merge语句的子句 - Using run configuration [Pentaho local]
2019/05/29 17:39:45 - 生成merge语句的子句 - Using legacy execution engine
2019/05/29 17:39:45 - 生成merge语句的子句 - 为了转换解除补丁开始  [生成merge语句的子句]
2019/05/29 17:39:45 - 生成merge语句子句.0 - Finished reading query, closing connection.
2019/05/29 17:39:45 - 复制记录到结果.0 - 完成处理 (I=0, O=0, R=1, W=1, U=0, E=0)
2019/05/29 17:39:45 - 生成merge语句子句.0 - 完成处理 (I=1, O=0, R=0, W=1, U=0, E=0)
2019/05/29 17:39:45 - 迁移单表数据 - 开始项[设置merge语句子句变量]
2019/05/29 17:39:45 - 设置merge语句子句变量 - Using run configuration [Pentaho local]
2019/05/29 17:39:45 - 设置merge语句子句变量 - Using legacy execution engine
2019/05/29 17:39:45 - 设置merge语句子句变量 - 为了转换解除补丁开始  [设置merge语句子句变量]
2019/05/29 17:39:45 - 获取merge语句子句.0 - 完成处理 (I=0, O=0, R=1, W=1, U=0, E=0)
2019/05/29 17:39:45 - 设置merge语句子句变量.0 - Setting environment variables...
2019/05/29 17:39:45 - 设置merge语句子句变量.0 - Set variable UPDATE_SQL to value [ UPDATE
 SET 
 TARGET.CREATE_TIMESTAMP= SOURCE.CREATE_TIMESTAMP
,TARGET.UPDATE_TIMESTAMP= SOURCE.UPDATE_TIMESTAMP
,TARGET.ADDRESS= SOURCE.ADDRESS
,TARGET.BIRTHDAY= SOURCE.BIRTHDAY
,TARGET.BIRTHDAY_MONTH= SOURCE.BIRTHDAY_MONTH
,TARGET.CITY= SOURCE.CITY
,TARGET.CITY_CODE= SOURCE.CITY_CODE
,TARGET.DEPOT_CODE= SOURCE.DEPOT_CODE
,TARGET.DISTRICT_CODE= SOURCE.DISTRICT_CODE
,TARGET.EMAIL= SOURCE.EMAIL
,TARGET.JINGDONG_NICKNAME= SOURCE.JINGDONG_NICKNAME
,TARGET.LAST_LOGIN_TIME= SOURCE.LAST_LOGIN_TIME
,TARGET.MEMBER_LEVEL_CODE= SOURCE.MEMBER_LEVEL_CODE
,TARGET.MEMBER_LEVEL_SIGN_CODE= SOURCE.MEMBER_LEVEL_SIGN_CODE
,TARGET.MOBILE= SOURCE.MOBILE
,TARGET.PASSWORD= SOURCE.PASSWORD
,TARGET.PROVINCE= SOURCE.PROVINCE
,TARGET.PROVINCE_CODE= SOURCE.PROVINCE_CODE
,TARGET.QQ= SOURCE.QQ
,TARGET.REGISTER_CHANNEL= SOURCE.REGISTER_CHANNEL
,TARGET.REGISTER_TIME= SOURCE.REGISTER_TIME
,TARGET.SEX_ENUM= SOURCE.SEX_ENUM
,TARGET.STATUS= SOURCE.STATUS
,TARGET.TAOBAO_NICKNAME= SOURCE.TAOBAO_NICKNAME
,TARGET.TOTAL_SHOP_CASH= SOURCE.TOTAL_SHOP_CASH
,TARGET.USER_NAME= SOURCE.USER_NAME
,TARGET.VERSION= SOURCE.VERSION
,TARGET.MEMBER_EXTEND_ID= SOURCE.MEMBER_EXTEND_ID
,TARGET.BIRTHDAY_CONSUMER= SOURCE.BIRTHDAY_CONSUMER
,TARGET.GRANT_STATE= SOURCE.GRANT_STATE
,TARGET.IS_MAIN_ACOOUNT= SOURCE.IS_MAIN_ACOOUNT
,TARGET.MAIN_ACCOUNT= SOURCE.MAIN_ACCOUNT
,TARGET.IS_MERGE_ACCOUNT= SOURCE.IS_MERGE_ACCOUNT
,TARGET.IS_MAIN_ACCOUNT= SOURCE.IS_MAIN_ACCOUNT
,TARGET.OPERATOR= SOURCE.OPERATOR
]
2019/05/29 17:39:45 - 设置merge语句子句变量.0 - Set variable INSERT_SQL to value [ INSERT
 (TARGET.CREATE_TIMESTAMP,TARGET.UPDATE_TIMESTAMP,TARGET.ADDRESS,TARGET.BIRTHDAY,TARGET.BIRTHDAY_MONTH,TARGET.CITY,TARGET.CITY_CODE,TARGET.DEPOT_CODE,TARGET.DISTRICT_CODE,TARGET.EMAIL,TARGET.JINGDONG_NICKNAME,TARGET.LAST_LOGIN_TIME,TARGET.MEMBER_LEVEL_CODE,TARGET.MEMBER_LEVEL_SIGN_CODE,TARGET.MOBILE,TARGET.PASSWORD,TARGET.PROVINCE,TARGET.PROVINCE_CODE,TARGET.QQ,TARGET.REGISTER_CHANNEL,TARGET.REGISTER_TIME,TARGET.SEX_ENUM,TARGET.STATUS,TARGET.TAOBAO_NICKNAME,TARGET.TOTAL_SHOP_CASH,TARGET.USER_NAME,TARGET.VERSION,TARGET.MEMBER_EXTEND_ID,TARGET.BIRTHDAY_CONSUMER,TARGET.GRANT_STATE,TARGET.IS_MAIN_ACOOUNT,TARGET.MAIN_ACCOUNT,TARGET.IS_MERGE_ACCOUNT,TARGET.IS_MAIN_ACCOUNT,TARGET.OPERATOR)
 VALUES
 (SOURCE.CREATE_TIMESTAMP,SOURCE.UPDATE_TIMESTAMP,SOURCE.ADDRESS,SOURCE.BIRTHDAY,SOURCE.BIRTHDAY_MONTH,SOURCE.CITY,SOURCE.CITY_CODE,SOURCE.DEPOT_CODE,SOURCE.DISTRICT_CODE,SOURCE.EMAIL,SOURCE.JINGDONG_NICKNAME,SOURCE.LAST_LOGIN_TIME,SOURCE.MEMBER_LEVEL_CODE,SOURCE.MEMBER_LEVEL_SIGN_CODE,SOURCE.MOBILE,SOURCE.PASSWORD,SOURCE.PROVINCE,SOURCE.PROVINCE_CODE,SOURCE.QQ,SOURCE.REGISTER_CHANNEL,SOURCE.REGISTER_TIME,SOURCE.SEX_ENUM,SOURCE.STATUS,SOURCE.TAOBAO_NICKNAME,SOURCE.TOTAL_SHOP_CASH,SOURCE.USER_NAME,SOURCE.VERSION,SOURCE.MEMBER_EXTEND_ID,SOURCE.BIRTHDAY_CONSUMER,SOURCE.GRANT_STATE,SOURCE.IS_MAIN_ACOOUNT,SOURCE.MAIN_ACCOUNT,SOURCE.IS_MERGE_ACCOUNT,SOURCE.IS_MAIN_ACCOUNT,SOURCE.OPERATOR)]
2019/05/29 17:39:45 - 设置merge语句子句变量.0 - Finished after 1 rows.
2019/05/29 17:39:45 - 设置merge语句子句变量.0 - 完成处理 (I=0, O=0, R=1, W=1, U=0, E=0)
2019/05/29 17:39:45 - 迁移单表数据 - 开始项[增量迁移单表数据]
2019/05/29 17:39:45 - 增量迁移单表数据 - Using run configuration [Pentaho local]
2019/05/29 17:39:45 - 增量迁移单表数据 - Using legacy execution engine
2019/05/29 17:39:45 - 增量迁移单表数据 - 为了转换解除补丁开始  [增量迁移单表数据]
2019/05/29 17:39:45 - 执行SQL脚本.0 - Finished reading query, closing connection.
2019/05/29 17:39:46 - 执行SQL脚本.0 - 完成处理 (I=0, O=0, R=0, W=1, U=0, E=0)
2019/05/29 17:39:46 - 迁移单表数据 - 开始项[成功1]
2019/05/29 17:39:46 - 迁移单表数据 - 完成作业项[成功1] (结果=[true])
2019/05/29 17:39:46 - 迁移单表数据 - 完成作业项[增量迁移单表数据] (结果=[true])
2019/05/29 17:39:46 - 迁移单表数据 - 完成作业项[设置merge语句子句变量] (结果=[true])
2019/05/29 17:39:46 - 迁移单表数据 - 完成作业项[生成merge语句的子句] (结果=[true])
2019/05/29 17:39:46 - 迁移单表数据 - 完成作业项[设置主键变量] (结果=[true])
2019/05/29 17:39:46 - 迁移单表数据 - 完成作业项[查询源表主键信息] (结果=[true])
2019/05/29 17:39:46 - 迁移单表数据 - 完成作业项[检验主键标识] (结果=[true])
2019/05/29 17:39:46 - 迁移单表数据 - 完成作业项[设置主键标识] (结果=[true])
2019/05/29 17:39:46 - 迁移单表数据 - 完成作业项[查询源表主键] (结果=[true])
2019/05/29 17:39:46 - 同步单表数据 - 开始项[分析源表收集统计信息]
2019/05/29 17:39:46 - 同步单表数据 - 开始项[数据量差异输出]
2019/05/29 17:39:46 - 数据量差异输出 - Using run configuration [Pentaho local]
2019/05/29 17:39:46 - 数据量差异输出 - Using legacy execution engine
2019/05/29 17:39:46 - 比较源表和目标表数据量差异 - 为了转换解除补丁开始  [比较源表和目标表数据量差异]
2019/05/29 17:39:46 - 读取Excel中的表清单.0 - 完成处理 (I=15, O=0, R=0, W=30, U=0, E=0)
2019/05/29 17:39:46 - 获取目标表数据量.0 - Finished reading query, closing connection.
2019/05/29 17:39:46 - 获取目标表数据量.0 - 完成处理 (I=199, O=0, R=0, W=199, U=0, E=0)
2019/05/29 17:39:46 - 获取源表数据量.0 - Finished reading query, closing connection.
2019/05/29 17:39:46 - 获取源表数据量.0 - 完成处理 (I=168, O=0, R=0, W=168, U=0, E=0)
2019/05/29 17:39:47 - 清单中的表在目标端数据量.0 - 完成处理 (I=0, O=0, R=214, W=15, U=0, E=0)
2019/05/29 17:39:47 - 字段选择2.0 - 完成处理 (I=0, O=0, R=15, W=15, U=0, E=0)
2019/05/29 17:39:47 - 清单中的表在源端数据量.0 - 完成处理 (I=0, O=0, R=183, W=15, U=0, E=0)
2019/05/29 17:39:47 - 字段选择1.0 - 完成处理 (I=0, O=0, R=15, W=15, U=0, E=0)
2019/05/29 17:39:47 - 记录集连接.0 - 完成处理 (I=0, O=0, R=30, W=15, U=0, E=0)
2019/05/29 17:39:47 - 计算器.0 - 完成处理 (I=0, O=0, R=15, W=15, U=0, E=0)
2019/05/29 17:39:47 - 字段选择.0 - 完成处理 (I=0, O=0, R=15, W=15, U=0, E=0)
2019/05/29 17:39:47 - Microsoft Excel 输出.0 - 完成处理 (I=0, O=16, R=15, W=15, U=0, E=0)
2019/05/29 17:39:47 - 同步单表数据 - 开始项[成功]
2019/05/29 17:39:47 - 同步单表数据 - 完成作业项[成功] (结果=[true])
2019/05/29 17:39:47 - 同步单表数据 - 完成作业项[数据量差异输出] (结果=[true])
2019/05/29 17:39:47 - 同步单表数据 - 完成作业项[分析源表收集统计信息] (结果=[true])
2019/05/29 17:39:47 - 同步单表数据 - 开始项[分析目标表收集统计信息]
2019/05/29 17:39:47 - 同步单表数据 - 开始项[数据量差异输出]
2019/05/29 17:39:47 - 数据量差异输出 - Using run configuration [Pentaho local]
2019/05/29 17:39:47 - 数据量差异输出 - Using legacy execution engine
2019/05/29 17:39:47 - 比较源表和目标表数据量差异 - 为了转换解除补丁开始  [比较源表和目标表数据量差异]
2019/05/29 17:39:48 - 读取Excel中的表清单.0 - 完成处理 (I=15, O=0, R=0, W=30, U=0, E=0)
2019/05/29 17:39:48 - 获取目标表数据量.0 - Finished reading query, closing connection.
2019/05/29 17:39:48 - 获取目标表数据量.0 - 完成处理 (I=199, O=0, R=0, W=199, U=0, E=0)
2019/05/29 17:39:48 - 获取源表数据量.0 - Finished reading query, closing connection.
2019/05/29 17:39:48 - 获取源表数据量.0 - 完成处理 (I=168, O=0, R=0, W=168, U=0, E=0)
2019/05/29 17:39:48 - 清单中的表在目标端数据量.0 - 完成处理 (I=0, O=0, R=214, W=15, U=0, E=0)
2019/05/29 17:39:48 - 字段选择2.0 - 完成处理 (I=0, O=0, R=15, W=15, U=0, E=0)
2019/05/29 17:39:48 - 清单中的表在源端数据量.0 - 完成处理 (I=0, O=0, R=183, W=15, U=0, E=0)
2019/05/29 17:39:48 - 字段选择1.0 - 完成处理 (I=0, O=0, R=15, W=15, U=0, E=0)
2019/05/29 17:39:48 - 记录集连接.0 - 完成处理 (I=0, O=0, R=30, W=15, U=0, E=0)
2019/05/29 17:39:48 - 计算器.0 - 完成处理 (I=0, O=0, R=15, W=15, U=0, E=0)
2019/05/29 17:39:48 - 字段选择.0 - 完成处理 (I=0, O=0, R=15, W=15, U=0, E=0)
2019/05/29 17:39:48 - Microsoft Excel 输出.0 - 完成处理 (I=0, O=16, R=15, W=15, U=0, E=0)
2019/05/29 17:39:48 - 同步单表数据 - 开始项[成功]
2019/05/29 17:39:48 - 同步单表数据 - 完成作业项[成功] (结果=[true])
2019/05/29 17:39:48 - 同步单表数据 - 完成作业项[数据量差异输出] (结果=[true])
2019/05/29 17:39:48 - 同步单表数据 - 完成作业项[分析目标表收集统计信息] (结果=[true])
2019/05/29 17:39:48 - 同步单表数据 - 完成作业项[迁移单表数据] (结果=[true])
2019/05/29 17:39:48 - 同步单表数据 - 完成作业项[是否需要重建表] (结果=[true])
2019/05/29 17:39:48 - 同步单表数据 - 完成作业项[设置标识] (结果=[true])
2019/05/29 17:39:48 - 同步单表数据 - 完成作业项[比较表结构] (结果=[true])
2019/05/29 17:39:48 - 同步单表数据 - 完成作业项[检查表是否存在] (结果=[true])
2019/05/29 17:39:48 - 同步单表数据 - 完成作业项[表名变量设置] (结果=[true])
2019/05/29 17:39:48 - 同步单表数据 - Using run configuration [Pentaho local]
2019/05/29 17:39:48 - 同步单表数据 - 开始项[表名变量设置]
2019/05/29 17:39:49 - 表名变量设置 - Using run configuration [Pentaho local]
2019/05/29 17:39:49 - 表名变量设置 - Using legacy execution engine
2019/05/29 17:39:49 - 表名变量设置 - 为了转换解除补丁开始  [表名变量设置]
2019/05/29 17:39:49 - 从结果获取表名.0 - 完成处理 (I=0, O=0, R=1, W=1, U=0, E=0)
2019/05/29 17:39:49 - 表名变量设置.0 - Setting environment variables...
2019/05/29 17:39:49 - 表名变量设置.0 - Set variable TABLENAME to value [ORD_DEPOT_ORDER_INFO]
2019/05/29 17:39:49 - 表名变量设置.0 - Finished after 1 rows.
2019/05/29 17:39:49 - 表名变量设置.0 - 完成处理 (I=0, O=0, R=1, W=1, U=0, E=0)
2019/05/29 17:39:49 - 同步单表数据 - 开始项[检查表是否存在]
2019/05/29 17:39:49 - 同步单表数据 - 开始项[比较表结构]
2019/05/29 17:39:49 - 比较表结构 - Using run configuration [Pentaho local]
2019/05/29 17:39:49 - 比较表结构 - Using legacy execution engine
2019/05/29 17:39:49 - 比较表结构是否一致 - 为了转换解除补丁开始  [比较表结构是否一致]
2019/05/29 17:39:49 - 目标表数据字典.0 - Finished reading query, closing connection.
2019/05/29 17:39:49 - 目标表数据字典.0 - 完成处理 (I=36, O=0, R=0, W=36, U=0, E=0)
2019/05/29 17:39:49 - 源表数据字典.0 - Finished reading query, closing connection.
2019/05/29 17:39:49 - 源表数据字典.0 - 完成处理 (I=36, O=0, R=0, W=36, U=0, E=0)
2019/05/29 17:39:49 - 合并记录.0 - 完成处理 (I=0, O=0, R=72, W=36, U=0, E=0)
2019/05/29 17:39:49 - 值映射.0 - 完成处理 (I=0, O=0, R=36, W=36, U=0, E=0)
2019/05/29 17:39:49 - 字段选择.0 - 完成处理 (I=0, O=0, R=36, W=36, U=0, E=0)
2019/05/29 17:39:49 - 排序记录.0 - 完成处理 (I=0, O=0, R=36, W=36, U=0, E=0)
2019/05/29 17:39:49 - 去除重复记录.0 - 完成处理 (I=0, O=0, R=36, W=1, U=0, E=0)
2019/05/29 17:39:49 - 识别流的最后一行.0 - 完成处理 (I=0, O=0, R=1, W=1, U=0, E=0)
2019/05/29 17:39:49 - 过滤记录.0 - 完成处理 (I=0, O=0, R=1, W=1, U=0, E=0)
2019/05/29 17:39:49 - 复制记录到结果.0 - 完成处理 (I=0, O=0, R=1, W=1, U=0, E=0)
2019/05/29 17:39:49 - 同步单表数据 - 开始项[设置标识]
2019/05/29 17:39:49 - 设置标识 - Using run configuration [Pentaho local]
2019/05/29 17:39:49 - 设置标识 - Using legacy execution engine
2019/05/29 17:39:49 - 设置表结构是否一致的标识 - 为了转换解除补丁开始  [设置表结构是否一致的标识]
2019/05/29 17:39:49 - 从结果获取记录.0 - 完成处理 (I=0, O=0, R=1, W=1, U=0, E=0)
2019/05/29 17:39:49 - 设置变量.0 - Setting environment variables...
2019/05/29 17:39:49 - 设置变量.0 - Set variable DIFFERENT_FLAG to value [same]
2019/05/29 17:39:49 - 设置变量.0 - Finished after 1 rows.
2019/05/29 17:39:49 - 设置变量.0 - 完成处理 (I=0, O=0, R=1, W=1, U=0, E=0)
2019/05/29 17:39:49 - 同步单表数据 - 开始项[是否需要重建表]
2019/05/29 17:39:49 - 同步单表数据 - 开始项[迁移单表数据]
2019/05/29 17:39:49 - 迁移单表数据 - Using run configuration [Pentaho local]
2019/05/29 17:39:49 - 迁移单表数据 - 开始项[查询源表主键]
2019/05/29 17:39:49 - 查询源表主键 - Using run configuration [Pentaho local]
2019/05/29 17:39:49 - 查询源表主键 - Using legacy execution engine
2019/05/29 17:39:49 - 查询是否有主键 - 为了转换解除补丁开始  [查询是否有主键]
2019/05/29 17:39:49 - 查询是否有主键.0 - Finished reading query, closing connection.
2019/05/29 17:39:49 - 复制记录到结果.0 - 完成处理 (I=0, O=0, R=1, W=1, U=0, E=0)
2019/05/29 17:39:49 - 查询是否有主键.0 - 完成处理 (I=1, O=0, R=0, W=1, U=0, E=0)
2019/05/29 17:39:49 - 迁移单表数据 - 开始项[设置主键标识]
2019/05/29 17:39:49 - 设置主键标识 - Using run configuration [Pentaho local]
2019/05/29 17:39:49 - 设置主键标识 - Using legacy execution engine
2019/05/29 17:39:49 - 设置是否有主键标识 - 为了转换解除补丁开始  [设置是否有主键标识]
2019/05/29 17:39:49 - 从结果获取记录.0 - 完成处理 (I=0, O=0, R=1, W=1, U=0, E=0)
2019/05/29 17:39:49 - 设置变量.0 - Setting environment variables...
2019/05/29 17:39:49 - 设置变量.0 - Set variable PK_FLAG to value [1.0]
2019/05/29 17:39:49 - 设置变量.0 - Finished after 1 rows.
2019/05/29 17:39:49 - 设置变量.0 - 完成处理 (I=0, O=0, R=1, W=1, U=0, E=0)
2019/05/29 17:39:49 - 迁移单表数据 - 开始项[检验主键标识]
2019/05/29 17:39:49 - 迁移单表数据 - 开始项[查询源表主键信息]
2019/05/29 17:39:49 - 查询源表主键信息 - Using run configuration [Pentaho local]
2019/05/29 17:39:49 - 查询源表主键信息 - Using legacy execution engine
2019/05/29 17:39:49 - 查询源表主键信息 - 为了转换解除补丁开始  [查询源表主键信息]
2019/05/29 17:39:50 - 查询源表是否有主键.0 - Finished reading query, closing connection.
2019/05/29 17:39:50 - 复制记录到结果.0 - 完成处理 (I=0, O=0, R=1, W=1, U=0, E=0)
2019/05/29 17:39:50 - 查询源表是否有主键.0 - 完成处理 (I=1, O=0, R=0, W=1, U=0, E=0)
2019/05/29 17:39:50 - 迁移单表数据 - 开始项[设置主键变量]
2019/05/29 17:39:50 - 设置主键变量 - Using run configuration [Pentaho local]
2019/05/29 17:39:50 - 设置主键变量 - Using legacy execution engine
2019/05/29 17:39:50 - 设置主键变量 - 为了转换解除补丁开始  [设置主键变量]
2019/05/29 17:39:50 - 从结果获取记录.0 - 完成处理 (I=0, O=0, R=1, W=1, U=0, E=0)
2019/05/29 17:39:50 - 设置主键变量.0 - Setting environment variables...
2019/05/29 17:39:50 - 设置主键变量.0 - Set variable PK_COLUMN to value [ID]
2019/05/29 17:39:50 - 设置主键变量.0 - Finished after 1 rows.
2019/05/29 17:39:50 - 设置主键变量.0 - 完成处理 (I=0, O=0, R=1, W=1, U=0, E=0)
2019/05/29 17:39:50 - 迁移单表数据 - 开始项[生成merge语句的子句]
2019/05/29 17:39:50 - 生成merge语句的子句 - Using run configuration [Pentaho local]
2019/05/29 17:39:50 - 生成merge语句的子句 - Using legacy execution engine
2019/05/29 17:39:50 - 生成merge语句的子句 - 为了转换解除补丁开始  [生成merge语句的子句]
2019/05/29 17:39:50 - 生成merge语句子句.0 - Finished reading query, closing connection.
2019/05/29 17:39:50 - 复制记录到结果.0 - 完成处理 (I=0, O=0, R=1, W=1, U=0, E=0)
2019/05/29 17:39:50 - 生成merge语句子句.0 - 完成处理 (I=1, O=0, R=0, W=1, U=0, E=0)
2019/05/29 17:39:50 - 迁移单表数据 - 开始项[设置merge语句子句变量]
2019/05/29 17:39:50 - 设置merge语句子句变量 - Using run configuration [Pentaho local]
2019/05/29 17:39:50 - 设置merge语句子句变量 - Using legacy execution engine
2019/05/29 17:39:50 - 设置merge语句子句变量 - 为了转换解除补丁开始  [设置merge语句子句变量]
2019/05/29 17:39:50 - 获取merge语句子句.0 - 完成处理 (I=0, O=0, R=1, W=1, U=0, E=0)
2019/05/29 17:39:50 - 设置merge语句子句变量.0 - Setting environment variables...
2019/05/29 17:39:50 - 设置merge语句子句变量.0 - Set variable UPDATE_SQL to value [ UPDATE
 SET 
 TARGET.CREATE_TIMESTAMP= SOURCE.CREATE_TIMESTAMP
,TARGET.UPDATE_TIMESTAMP= SOURCE.UPDATE_TIMESTAMP
,TARGET.AGENT_CODE= SOURCE.AGENT_CODE
,TARGET.BUY_USAGE= SOURCE.BUY_USAGE
,TARGET.BUY_USAGE_CODE= SOURCE.BUY_USAGE_CODE
,TARGET.DELIVERY_DEPOT_CODE= SOURCE.DELIVERY_DEPOT_CODE
,TARGET.DEPOT_CODE= SOURCE.DEPOT_CODE
,TARGET.DEPOT_NAME= SOURCE.DEPOT_NAME
,TARGET.DEPOT_TYPE= SOURCE.DEPOT_TYPE
,TARGET.EMPLOY_NAME= SOURCE.EMPLOY_NAME
,TARGET.HANSEL_CODE= SOURCE.HANSEL_CODE
,TARGET.INTEGRAL= SOURCE.INTEGRAL
,TARGET.MEMBER_ID= SOURCE.MEMBER_ID
,TARGET.ORDER_AMOUNT= SOURCE.ORDER_AMOUNT
,TARGET.ORDER_CHANNEL= SOURCE.ORDER_CHANNEL
,TARGET.ORDER_CODE= SOURCE.ORDER_CODE
,TARGET.ORDER_STATUS= SOURCE.ORDER_STATUS
,TARGET.PAY_AMOUNT= SOURCE.PAY_AMOUNT
,TARGET.PAY_TIME= SOURCE.PAY_TIME
,TARGET.PAYMENT_STATUS= SOURCE.PAYMENT_STATUS
,TARGET.PREFERENTIAL_AMOUNT= SOURCE.PREFERENTIAL_AMOUNT
,TARGET.PROMOTION_ACTIVITY_ID= SOURCE.PROMOTION_ACTIVITY_ID
,TARGET.REMARK= SOURCE.REMARK
,TARGET.SERVICE_AMOUNT= SOURCE.SERVICE_AMOUNT
,TARGET.SHOP_REASON= SOURCE.SHOP_REASON
,TARGET.SHOP_REASON_CODE= SOURCE.SHOP_REASON_CODE
,TARGET.SPECIAL_ACTIVITY_ID= SOURCE.SPECIAL_ACTIVITY_ID
,TARGET.TEL= SOURCE.TEL
,TARGET.TOTAL_PRODUCT_AMOUNT= SOURCE.TOTAL_PRODUCT_AMOUNT
,TARGET.TRY_DRINK= SOURCE.TRY_DRINK
,TARGET.TRY_DRINK_CODE= SOURCE.TRY_DRINK_CODE
,TARGET.VERSION= SOURCE.VERSION
,TARGET.USED_INTEGRAL= SOURCE.USED_INTEGRAL
,TARGET.EMPLOY_ID= SOURCE.EMPLOY_ID
,TARGET.TRADE_REMARK= SOURCE.TRADE_REMARK
]
2019/05/29 17:39:50 - 设置merge语句子句变量.0 - Set variable INSERT_SQL to value [ INSERT
 (TARGET.CREATE_TIMESTAMP,TARGET.UPDATE_TIMESTAMP,TARGET.AGENT_CODE,TARGET.BUY_USAGE,TARGET.BUY_USAGE_CODE,TARGET.DELIVERY_DEPOT_CODE,TARGET.DEPOT_CODE,TARGET.DEPOT_NAME,TARGET.DEPOT_TYPE,TARGET.EMPLOY_NAME,TARGET.HANSEL_CODE,TARGET.INTEGRAL,TARGET.MEMBER_ID,TARGET.ORDER_AMOUNT,TARGET.ORDER_CHANNEL,TARGET.ORDER_CODE,TARGET.ORDER_STATUS,TARGET.PAY_AMOUNT,TARGET.PAY_TIME,TARGET.PAYMENT_STATUS,TARGET.PREFERENTIAL_AMOUNT,TARGET.PROMOTION_ACTIVITY_ID,TARGET.REMARK,TARGET.SERVICE_AMOUNT,TARGET.SHOP_REASON,TARGET.SHOP_REASON_CODE,TARGET.SPECIAL_ACTIVITY_ID,TARGET.TEL,TARGET.TOTAL_PRODUCT_AMOUNT,TARGET.TRY_DRINK,TARGET.TRY_DRINK_CODE,TARGET.VERSION,TARGET.USED_INTEGRAL,TARGET.EMPLOY_ID,TARGET.TRADE_REMARK)
 VALUES
 (SOURCE.CREATE_TIMESTAMP,SOURCE.UPDATE_TIMESTAMP,SOURCE.AGENT_CODE,SOURCE.BUY_USAGE,SOURCE.BUY_USAGE_CODE,SOURCE.DELIVERY_DEPOT_CODE,SOURCE.DEPOT_CODE,SOURCE.DEPOT_NAME,SOURCE.DEPOT_TYPE,SOURCE.EMPLOY_NAME,SOURCE.HANSEL_CODE,SOURCE.INTEGRAL,SOURCE.MEMBER_ID,SOURCE.ORDER_AMOUNT,SOURCE.ORDER_CHANNEL,SOURCE.ORDER_CODE,SOURCE.ORDER_STATUS,SOURCE.PAY_AMOUNT,SOURCE.PAY_TIME,SOURCE.PAYMENT_STATUS,SOURCE.PREFERENTIAL_AMOUNT,SOURCE.PROMOTION_ACTIVITY_ID,SOURCE.REMARK,SOURCE.SERVICE_AMOUNT,SOURCE.SHOP_REASON,SOURCE.SHOP_REASON_CODE,SOURCE.SPECIAL_ACTIVITY_ID,SOURCE.TEL,SOURCE.TOTAL_PRODUCT_AMOUNT,SOURCE.TRY_DRINK,SOURCE.TRY_DRINK_CODE,SOURCE.VERSION,SOURCE.USED_INTEGRAL,SOURCE.EMPLOY_ID,SOURCE.TRADE_REMARK)]
2019/05/29 17:39:50 - 设置merge语句子句变量.0 - Finished after 1 rows.
2019/05/29 17:39:50 - 设置merge语句子句变量.0 - 完成处理 (I=0, O=0, R=1, W=1, U=0, E=0)
2019/05/29 17:39:50 - 迁移单表数据 - 开始项[增量迁移单表数据]
2019/05/29 17:39:50 - 增量迁移单表数据 - Using run configuration [Pentaho local]
2019/05/29 17:39:50 - 增量迁移单表数据 - Using legacy execution engine
2019/05/29 17:39:50 - 增量迁移单表数据 - 为了转换解除补丁开始  [增量迁移单表数据]
2019/05/29 17:40:11 - 执行SQL脚本.0 - ERROR (version 8.2.0.0-342, build 8.2.0.0-342 from 2018-11-14 10.30.55 by buildguy) : An error occurred, processing will be stopped: 
2019/05/29 17:40:11 - 执行SQL脚本.0 - Couldn't execute SQL: MERGE INTO BI.ORD_DEPOT_ORDER_INFO TARGET
USING (SELECT * FROM SYSTEM.ORD_DEPOT_ORDER_INFO@XGC_DEV84) SOURCE
ON (TARGET.ID=SOURCE.ID)
WHEN MATCHED THEN
   UPDATE
 SET 
 TARGET.CREATE_TIMESTAMP= SOURCE.CREATE_TIMESTAMP
,TARGET.UPDATE_TIMESTAMP= SOURCE.UPDATE_TIMESTAMP
,TARGET.AGENT_CODE= SOURCE.AGENT_CODE
,TARGET.BUY_USAGE= SOURCE.BUY_USAGE
,TARGET.BUY_USAGE_CODE= SOURCE.BUY_USAGE_CODE
,TARGET.DELIVERY_DEPOT_CODE= SOURCE.DELIVERY_DEPOT_CODE
,TARGET.DEPOT_CODE= SOURCE.DEPOT_CODE
,TARGET.DEPOT_NAME= SOURCE.DEPOT_NAME
,TARGET.DEPOT_TYPE= SOURCE.DEPOT_TYPE
,TARGET.EMPLOY_NAME= SOURCE.EMPLOY_NAME
,TARGET.HANSEL_CODE= SOURCE.HANSEL_CODE
,TARGET.INTEGRAL= SOURCE.INTEGRAL
,TARGET.MEMBER_ID= SOURCE.MEMBER_ID
,TARGET.ORDER_AMOUNT= SOURCE.ORDER_AMOUNT
,TARGET.ORDER_CHANNEL= SOURCE.ORDER_CHANNEL
,TARGET.ORDER_CODE= SOURCE.ORDER_CODE
,TARGET.ORDER_STATUS= SOURCE.ORDER_STATUS
,TARGET.PAY_AMOUNT= SOURCE.PAY_AMOUNT
,TARGET.PAY_TIME= SOURCE.PAY_TIME
,TARGET.PAYMENT_STATUS= SOURCE.PAYMENT_STATUS
,TARGET.PREFERENTIAL_AMOUNT= SOURCE.PREFERENTIAL_AMOUNT
,TARGET.PROMOTION_ACTIVITY_ID= SOURCE.PROMOTION_ACTIVITY_ID
,TARGET.REMARK= SOURCE.REMARK
,TARGET.SERVICE_AMOUNT= SOURCE.SERVICE_AMOUNT
,TARGET.SHOP_REASON= SOURCE.SHOP_REASON
,TARGET.SHOP_REASON_CODE= SOURCE.SHOP_REASON_CODE
,TARGET.SPECIAL_ACTIVITY_ID= SOURCE.SPECIAL_ACTIVITY_ID
,TARGET.TEL= SOURCE.TEL
,TARGET.TOTAL_PRODUCT_AMOUNT= SOURCE.TOTAL_PRODUCT_AMOUNT
,TARGET.TRY_DRINK= SOURCE.TRY_DRINK
,TARGET.TRY_DRINK_CODE= SOURCE.TRY_DRINK_CODE
,TARGET.VERSION= SOURCE.VERSION
,TARGET.USED_INTEGRAL= SOURCE.USED_INTEGRAL
,TARGET.EMPLOY_ID= SOURCE.EMPLOY_ID
,TARGET.TRADE_REMARK= SOURCE.TRADE_REMARK

WHEN NOT MATCHED THEN
   INSERT
 (TARGET.CREATE_TIMESTAMP,TARGET.UPDATE_TIMESTAMP,TARGET.AGENT_CODE,TARGET.BUY_USAGE,TARGET.BUY_USAGE_CODE,TARGET.DELIVERY_DEPOT_CODE,TARGET.DEPOT_CODE,TARGET.DEPOT_NAME,TARGET.DEPOT_TYPE,TARGET.EMPLOY_NAME,TARGET.HANSEL_CODE,TARGET.INTEGRAL,TARGET.MEMBER_ID,TARGET.ORDER_AMOUNT,TARGET.ORDER_CHANNEL,TARGET.ORDER_CODE,TARGET.ORDER_STATUS,TARGET.PAY_AMOUNT,TARGET.PAY_TIME,TARGET.PAYMENT_STATUS,TARGET.PREFERENTIAL_AMOUNT,TARGET.PROMOTION_ACTIVITY_ID,TARGET.REMARK,TARGET.SERVICE_AMOUNT,TARGET.SHOP_REASON,TARGET.SHOP_REASON_CODE,TARGET.SPECIAL_ACTIVITY_ID,TARGET.TEL,TARGET.TOTAL_PRODUCT_AMOUNT,TARGET.TRY_DRINK,TARGET.TRY_DRINK_CODE,TARGET.VERSION,TARGET.USED_INTEGRAL,TARGET.EMPLOY_ID,TARGET.TRADE_REMARK)
 VALUES
 (SOURCE.CREATE_TIMESTAMP,SOURCE.UPDATE_TIMESTAMP,SOURCE.AGENT_CODE,SOURCE.BUY_USAGE,SOURCE.BUY_USAGE_CODE,SOURCE.DELIVERY_DEPOT_CODE,SOURCE.DEPOT_CODE,SOURCE.DEPOT_NAME,SOURCE.DEPOT_TYPE,SOURCE.EMPLOY_NAME,SOURCE.HANSEL_CODE,SOURCE.INTEGRAL,SOURCE.MEMBER_ID,SOURCE.ORDER_AMOUNT,SOURCE.ORDER_CHANNEL,SOURCE.ORDER_CODE,SOURCE.ORDER_STATUS,SOURCE.PAY_AMOUNT,SOURCE.PAY_TIME,SOURCE.PAYMENT_STATUS,SOURCE.PREFERENTIAL_AMOUNT,SOURCE.PROMOTION_ACTIVITY_ID,SOURCE.REMARK,SOURCE.SERVICE_AMOUNT,SOURCE.SHOP_REASON,SOURCE.SHOP_REASON_CODE,SOURCE.SPECIAL_ACTIVITY_ID,SOURCE.TEL,SOURCE.TOTAL_PRODUCT_AMOUNT,SOURCE.TRY_DRINK,SOURCE.TRY_DRINK_CODE,SOURCE.VERSION,SOURCE.USED_INTEGRAL,SOURCE.EMPLOY_ID,SOURCE.TRADE_REMARK)
2019/05/29 17:40:11 - 执行SQL脚本.0 - 
2019/05/29 17:40:11 - 执行SQL脚本.0 - ORA-12170: TNS: 连接超时

2019/05/29 17:40:11 - 执行SQL脚本.0 - ERROR (version 8.2.0.0-342, build 8.2.0.0-342 from 2018-11-14 10.30.55 by buildguy) : 错误初始化步骤[执行SQL脚本]
2019/05/29 17:40:11 - 增量迁移单表数据 - ERROR (version 8.2.0.0-342, build 8.2.0.0-342 from 2018-11-14 10.30.55 by buildguy) : 步骤 [执行SQL脚本.0] 初始化失败!
2019/05/29 17:40:11 - 执行SQL脚本.0 - Finished reading query, closing connection.
2019/05/29 17:40:11 - 增量迁移单表数据 - ERROR (version 8.2.0.0-342, build 8.2.0.0-342 from 2018-11-14 10.30.55 by buildguy) : Unable to prepare for execution of the transformation
2019/05/29 17:40:11 - 增量迁移单表数据 - ERROR (version 8.2.0.0-342, build 8.2.0.0-342 from 2018-11-14 10.30.55 by buildguy) : org.pentaho.di.core.exception.KettleException: 
2019/05/29 17:40:11 - 增量迁移单表数据 - 无法初始化至少一个步骤.  执行无法开始!
2019/05/29 17:40:11 - 增量迁移单表数据 - 
2019/05/29 17:40:11 - 增量迁移单表数据 - 
2019/05/29 17:40:11 - 增量迁移单表数据 - 	at org.pentaho.di.trans.Trans.prepareExecution(Trans.java:1272)
2019/05/29 17:40:11 - 增量迁移单表数据 - 	at org.pentaho.di.trans.Trans.execute(Trans.java:738)
2019/05/29 17:40:11 - 增量迁移单表数据 - 	at org.pentaho.di.job.entries.trans.JobEntryTrans.execute(JobEntryTrans.java:1180)
2019/05/29 17:40:11 - 增量迁移单表数据 - 	at org.pentaho.di.job.Job.execute(Job.java:680)
2019/05/29 17:40:11 - 增量迁移单表数据 - 	at org.pentaho.di.job.Job.execute(Job.java:821)
2019/05/29 17:40:11 - 增量迁移单表数据 - 	at org.pentaho.di.job.Job.execute(Job.java:821)
2019/05/29 17:40:11 - 增量迁移单表数据 - 	at org.pentaho.di.job.Job.execute(Job.java:821)
2019/05/29 17:40:11 - 增量迁移单表数据 - 	at org.pentaho.di.job.Job.execute(Job.java:821)
2019/05/29 17:40:11 - 增量迁移单表数据 - 	at org.pentaho.di.job.Job.execute(Job.java:821)
2019/05/29 17:40:11 - 增量迁移单表数据 - 	at org.pentaho.di.job.Job.execute(Job.java:821)
2019/05/29 17:40:11 - 增量迁移单表数据 - 	at org.pentaho.di.job.Job.execute(Job.java:821)
2019/05/29 17:40:11 - 增量迁移单表数据 - 	at org.pentaho.di.job.Job.execute(Job.java:821)
2019/05/29 17:40:11 - 增量迁移单表数据 - 	at org.pentaho.di.job.Job.execute(Job.java:559)
2019/05/29 17:40:11 - 增量迁移单表数据 - 	at org.pentaho.di.job.entries.job.JobEntryJobRunner.run(JobEntryJobRunner.java:69)
2019/05/29 17:40:11 - 增量迁移单表数据 - 	at java.lang.Thread.run(Thread.java:748)
2019/05/29 17:40:11 - 迁移单表数据 - 完成作业项[增量迁移单表数据] (结果=[false])
2019/05/29 17:40:11 - 迁移单表数据 - 完成作业项[设置merge语句子句变量] (结果=[false])
2019/05/29 17:40:11 - 迁移单表数据 - 完成作业项[生成merge语句的子句] (结果=[false])
2019/05/29 17:40:11 - 迁移单表数据 - 完成作业项[设置主键变量] (结果=[false])
2019/05/29 17:40:11 - 迁移单表数据 - 完成作业项[查询源表主键信息] (结果=[false])
2019/05/29 17:40:11 - 迁移单表数据 - 完成作业项[检验主键标识] (结果=[false])
2019/05/29 17:40:11 - 迁移单表数据 - 完成作业项[设置主键标识] (结果=[false])
2019/05/29 17:40:11 - 迁移单表数据 - 完成作业项[查询源表主键] (结果=[false])
2019/05/29 17:40:11 - 同步单表数据 - 完成作业项[迁移单表数据] (结果=[false])
2019/05/29 17:40:11 - 同步单表数据 - 完成作业项[是否需要重建表] (结果=[false])
2019/05/29 17:40:11 - 同步单表数据 - 完成作业项[设置标识] (结果=[false])
2019/05/29 17:40:11 - 同步单表数据 - 完成作业项[比较表结构] (结果=[false])
2019/05/29 17:40:11 - 同步单表数据 - 完成作业项[检查表是否存在] (结果=[false])
2019/05/29 17:40:11 - 同步单表数据 - 完成作业项[表名变量设置] (结果=[false])
